[I 2025-02-04 14:39:07,835] A new study created in memory with name: no-name-6a11cfbd-f62a-4ea6-aad2-cf6393ee0fb6
[I 2025-02-04 14:39:35,859] Trial 0 finished with value: 0.8652045440899584 and parameters: {'n_estimators': 150, 'max_depth': 12}. Best is trial 0 with value: 0.8652045440899584.
[I 2025-02-04 14:40:04,562] Trial 1 finished with value: 0.8654709520088427 and parameters: {'n_estimators': 150, 'max_depth': 12}. Best is trial 1 with value: 0.8654709520088427.
[I 2025-02-04 14:40:31,865] Trial 2 finished with value: 0.8647711923281739 and parameters: {'n_estimators': 150, 'max_depth': 10}. Best is trial 1 with value: 0.8654709520088427.
[I 2025-02-04 14:41:46,441] Trial 3 finished with value: 0.8623422848969713 and parameters: {'n_estimators': 300, 'max_depth': 16}. Best is trial 1 with value: 0.8654709520088427.
[I 2025-02-04 14:41:59,845] Trial 4 finished with value: 0.8590572707238056 and parameters: {'n_estimators': 150, 'max_depth': 5}. Best is trial 1 with value: 0.8654709520088427.
[I 2025-02-04 14:42:04,056] Trial 5 finished with value: 0.8631301122642915 and parameters: {'n_estimators': 50, 'max_depth': 8}. Best is trial 1 with value: 0.8654709520088427.
[I 2025-02-04 14:42:34,022] Trial 6 finished with value: 0.8608244077582661 and parameters: {'n_estimators': 200, 'max_depth': 17}. Best is trial 1 with value: 0.8654709520088427.
[I 2025-02-04 14:42:50,126] Trial 7 finished with value: 0.854753457345472 and parameters: {'n_estimators': 100, 'max_depth': 20}. Best is trial 1 with value: 0.8654709520088427.
[I 2025-02-04 14:43:01,110] Trial 8 finished with value: 0.8621613400019457 and parameters: {'n_estimators': 150, 'max_depth': 7}. Best is trial 1 with value: 0.8654709520088427.
[I 2025-02-04 14:43:40,266] Trial 9 finished with value: 0.8644426485553987 and parameters: {'n_estimators': 300, 'max_depth': 14}. Best is trial 1 with value: 0.8654709520088427.
[I 2025-02-04 14:43:50,422] Trial 10 finished with value: 0.8540821985342699 and parameters: {'n_estimators': 250, 'max_depth': 3}. Best is trial 1 with value: 0.8654709520088427.
[I 2025-02-04 14:44:13,450] Trial 11 finished with value: 0.8651739729490013 and parameters: {'n_estimators': 200, 'max_depth': 12}. Best is trial 1 with value: 0.8654709520088427.
[I 2025-02-04 14:44:25,038] Trial 12 finished with value: 0.8656413990836148 and parameters: {'n_estimators': 100, 'max_depth': 12}. Best is trial 12 with value: 0.8656413990836148.
[I 2025-02-04 14:44:30,141] Trial 13 finished with value: 0.8644501933688991 and parameters: {'n_estimators': 50, 'max_depth': 10}. Best is trial 12 with value: 0.8656413990836148.
[I 2025-02-04 14:44:43,891] Trial 14 finished with value: 0.8631016707716364 and parameters: {'n_estimators': 100, 'max_depth': 15}. Best is trial 12 with value: 0.8656413990836148.
[I 2025-02-04 14:44:59,359] Trial 15 finished with value: 0.8574406578646694 and parameters: {'n_estimators': 100, 'max_depth': 19}. Best is trial 12 with value: 0.8656413990836148.
[I 2025-02-04 14:45:11,624] Trial 16 finished with value: 0.8645419226255862 and parameters: {'n_estimators': 100, 'max_depth': 13}. Best is trial 12 with value: 0.8656413990836148.
[I 2025-02-04 14:45:31,718] Trial 17 finished with value: 0.8653025197872036 and parameters: {'n_estimators': 200, 'max_depth': 10}. Best is trial 12 with value: 0.8656413990836148.
[I 2025-02-04 14:45:35,911] Trial 18 finished with value: 0.8634156751425297 and parameters: {'n_estimators': 50, 'max_depth': 8}. Best is trial 12 with value: 0.8656413990836148.
[I 2025-02-04 14:46:13,895] Trial 19 finished with value: 0.8604568890464952 and parameters: {'n_estimators': 250, 'max_depth': 18}. Best is trial 12 with value: 0.8656413990836148.
[I 2025-02-04 14:46:27,144] Trial 20 finished with value: 0.8635548504299704 and parameters: {'n_estimators': 100, 'max_depth': 14}. Best is trial 12 with value: 0.8656413990836148.
[I 2025-02-04 14:46:47,132] Trial 21 finished with value: 0.8650380752615494 and parameters: {'n_estimators': 200, 'max_depth': 10}. Best is trial 12 with value: 0.8656413990836148.
[I 2025-02-04 14:47:13,891] Trial 22 finished with value: 0.8654342690147668 and parameters: {'n_estimators': 250, 'max_depth': 11}. Best is trial 12 with value: 0.8656413990836148.
[I 2025-02-04 14:47:42,924] Trial 23 finished with value: 0.8653519094189166 and parameters: {'n_estimators': 250, 'max_depth': 12}. Best is trial 12 with value: 0.8656413990836148.
[I 2025-02-04 14:48:03,565] Trial 24 finished with value: 0.8636873834314439 and parameters: {'n_estimators': 250, 'max_depth': 8}. Best is trial 12 with value: 0.8656413990836148.
[I 2025-02-04 14:48:23,227] Trial 25 finished with value: 0.8641418218781795 and parameters: {'n_estimators': 150, 'max_depth': 14}. Best is trial 12 with value: 0.8656413990836148.
[I 2025-02-04 14:48:55,239] Trial 26 finished with value: 0.8653140151378885 and parameters: {'n_estimators': 300, 'max_depth': 11}. Best is trial 12 with value: 0.8656413990836148.
[I 2025-02-04 14:49:23,683] Trial 27 finished with value: 0.8621346164783668 and parameters: {'n_estimators': 200, 'max_depth': 16}. Best is trial 12 with value: 0.8656413990836148.
[I 2025-02-04 14:49:30,341] Trial 28 finished with value: 0.8605833656132069 and parameters: {'n_estimators': 100, 'max_depth': 6}. Best is trial 12 with value: 0.8656413990836148.
[I 2025-02-04 14:49:47,790] Trial 29 finished with value: 0.8654702276117437 and parameters: {'n_estimators': 150, 'max_depth': 12}. Best is trial 12 with value: 0.8656413990836148.
[I 2025-02-04 14:50:05,257] Trial 30 finished with value: 0.8646510769971889 and parameters: {'n_estimators': 150, 'max_depth': 12}. Best is trial 12 with value: 0.8656413990836148.
[I 2025-02-04 14:50:23,943] Trial 31 finished with value: 0.8650218139321371 and parameters: {'n_estimators': 150, 'max_depth': 13}. Best is trial 12 with value: 0.8656413990836148.
[I 2025-02-04 14:50:37,932] Trial 32 finished with value: 0.8645805848467083 and parameters: {'n_estimators': 150, 'max_depth': 9}. Best is trial 12 with value: 0.8656413990836148.
[I 2025-02-04 14:50:48,921] Trial 33 finished with value: 0.8648162989125588 and parameters: {'n_estimators': 100, 'max_depth': 11}. Best is trial 12 with value: 0.8656413990836148.
[I 2025-02-04 14:51:07,570] Trial 34 finished with value: 0.8650672134421247 and parameters: {'n_estimators': 150, 'max_depth': 13}. Best is trial 12 with value: 0.8656413990836148.
[I 2025-02-04 14:51:24,255] Trial 35 finished with value: 0.8652334883062833 and parameters: {'n_estimators': 150, 'max_depth': 11}. Best is trial 12 with value: 0.8656413990836148.
[I 2025-02-04 14:51:42,996] Trial 36 finished with value: 0.8644702825234188 and parameters: {'n_estimators': 200, 'max_depth': 9}. Best is trial 12 with value: 0.8656413990836148.
[I 2025-02-04 14:51:49,893] Trial 37 finished with value: 0.8607174701209552 and parameters: {'n_estimators': 50, 'max_depth': 15}. Best is trial 12 with value: 0.8656413990836148.
[I 2025-02-04 14:51:58,986] Trial 38 finished with value: 0.8642229583117149 and parameters: {'n_estimators': 100, 'max_depth': 9}. Best is trial 12 with value: 0.8656413990836148.
[I 2025-02-04 14:52:41,709] Trial 39 finished with value: 0.8618503678068872 and parameters: {'n_estimators': 300, 'max_depth': 16}. Best is trial 12 with value: 0.8656413990836148.
[I 2025-02-04 14:52:59,966] Trial 40 finished with value: 0.8651390197993638 and parameters: {'n_estimators': 150, 'max_depth': 13}. Best is trial 12 with value: 0.8656413990836148.
[I 2025-02-04 14:53:29,080] Trial 41 finished with value: 0.8653781698033668 and parameters: {'n_estimators': 250, 'max_depth': 12}. Best is trial 12 with value: 0.8656413990836148.
[I 2025-02-04 14:53:57,840] Trial 42 finished with value: 0.8651625726012148 and parameters: {'n_estimators': 250, 'max_depth': 12}. Best is trial 12 with value: 0.8656413990836148.
[I 2025-02-04 14:54:24,735] Trial 43 finished with value: 0.8657936649787397 and parameters: {'n_estimators': 250, 'max_depth': 11}. Best is trial 43 with value: 0.8657936649787397.
[I 2025-02-04 14:54:45,037] Trial 44 finished with value: 0.8650454300692533 and parameters: {'n_estimators': 200, 'max_depth': 10}. Best is trial 43 with value: 0.8657936649787397.
[I 2025-02-04 14:55:06,653] Trial 45 finished with value: 0.865389467231347 and parameters: {'n_estimators': 200, 'max_depth': 11}. Best is trial 43 with value: 0.8657936649787397.
[I 2025-02-04 14:55:47,798] Trial 46 finished with value: 0.8645758465771596 and parameters: {'n_estimators': 300, 'max_depth': 15}. Best is trial 43 with value: 0.8657936649787397.
[I 2025-02-04 14:56:20,554] Trial 47 finished with value: 0.8648034299783038 and parameters: {'n_estimators': 250, 'max_depth': 14}. Best is trial 43 with value: 0.8657936649787397.
[I 2025-02-04 14:56:28,276] Trial 48 finished with value: 0.8569784014711008 and parameters: {'n_estimators': 150, 'max_depth': 4}. Best is trial 43 with value: 0.8657936649787397.
[I 2025-02-04 14:56:35,786] Trial 49 finished with value: 0.8622126217747149 and parameters: {'n_estimators': 100, 'max_depth': 7}. Best is trial 43 with value: 0.8657936649787397.
Index(['SeriousDlqin2yrs', 'RevolvingUtilizationOfUnsecuredLines', 'age',
       'NumberOfTime30-59DaysPastDueNotWorse', 'DebtRatio', 'MonthlyIncome',
       'NumberOfOpenCreditLinesAndLoans', 'NumberOfTimes90DaysLate',
       'NumberRealEstateLoansOrLines', 'NumberOfTime60-89DaysPastDueNotWorse',
       'NumberOfDependents', 'age_cat'],
      dtype='object')
Index(['SeriousDlqin2yrs', 'RevolvingUtilizationOfUnsecuredLines', 'age',
       'NumberOfTime30-59DaysPastDueNotWorse', 'DebtRatio', 'MonthlyIncome',
       'NumberOfOpenCreditLinesAndLoans', 'NumberOfTimes90DaysLate',
       'NumberRealEstateLoansOrLines', 'NumberOfTime60-89DaysPastDueNotWorse',
       'NumberOfDependents'],
      dtype='object')

======================= Résultat =======================
✅ Meilleurs paramètres : {'n_estimators': 250, 'max_depth': 11}
✅ Meilleur AUC : 0.8657936649787397
✅ Meilleur F1-score : 0.2555642838439382
========================================================
