[I 2025-02-04 14:37:43,533] A new study created in memory with name: no-name-17b7271f-cf46-488c-a79f-c57f4f437d8f
train_model.py:25: FutureWarning: suggest_loguniform has been deprecated in v3.0.0. This feature will be removed in v6.0.0. See https://github.com/optuna/optuna/releases/tag/v3.0.0. Use suggest_float(..., log=True) instead.
  "learning_rate": trial.suggest_loguniform("learning_rate", 0.01, 0.5),
[I 2025-02-04 14:37:44,152] Trial 0 finished with value: 0.8600284299339691 and parameters: {'n_estimators': 50, 'learning_rate': 0.023019355441745142}. Best is trial 0 with value: 0.8600284299339691.
train_model.py:25: FutureWarning: suggest_loguniform has been deprecated in v3.0.0. This feature will be removed in v6.0.0. See https://github.com/optuna/optuna/releases/tag/v3.0.0. Use suggest_float(..., log=True) instead.
  "learning_rate": trial.suggest_loguniform("learning_rate", 0.01, 0.5),
[I 2025-02-04 14:37:45,747] Trial 1 finished with value: 0.8500780242969278 and parameters: {'n_estimators': 300, 'learning_rate': 0.18097771849129013}. Best is trial 0 with value: 0.8600284299339691.
train_model.py:25: FutureWarning: suggest_loguniform has been deprecated in v3.0.0. This feature will be removed in v6.0.0. See https://github.com/optuna/optuna/releases/tag/v3.0.0. Use suggest_float(..., log=True) instead.
  "learning_rate": trial.suggest_loguniform("learning_rate", 0.01, 0.5),
[I 2025-02-04 14:37:47,254] Trial 2 finished with value: 0.8657966259024008 and parameters: {'n_estimators': 200, 'learning_rate': 0.03450471962455487}. Best is trial 2 with value: 0.8657966259024008.
train_model.py:25: FutureWarning: suggest_loguniform has been deprecated in v3.0.0. This feature will be removed in v6.0.0. See https://github.com/optuna/optuna/releases/tag/v3.0.0. Use suggest_float(..., log=True) instead.
  "learning_rate": trial.suggest_loguniform("learning_rate", 0.01, 0.5),
[I 2025-02-04 14:37:48,139] Trial 3 finished with value: 0.8522472333889332 and parameters: {'n_estimators': 150, 'learning_rate': 0.21934326278466273}. Best is trial 2 with value: 0.8657966259024008.
train_model.py:25: FutureWarning: suggest_loguniform has been deprecated in v3.0.0. This feature will be removed in v6.0.0. See https://github.com/optuna/optuna/releases/tag/v3.0.0. Use suggest_float(..., log=True) instead.
  "learning_rate": trial.suggest_loguniform("learning_rate", 0.01, 0.5),
[I 2025-02-04 14:37:49,884] Trial 4 finished with value: 0.8596248853315018 and parameters: {'n_estimators': 300, 'learning_rate': 0.11149128007024557}. Best is trial 2 with value: 0.8657966259024008.
train_model.py:25: FutureWarning: suggest_loguniform has been deprecated in v3.0.0. This feature will be removed in v6.0.0. See https://github.com/optuna/optuna/releases/tag/v3.0.0. Use suggest_float(..., log=True) instead.
  "learning_rate": trial.suggest_loguniform("learning_rate", 0.01, 0.5),
[I 2025-02-04 14:37:51,171] Trial 5 finished with value: 0.8620614009114704 and parameters: {'n_estimators': 150, 'learning_rate': 0.012685762815947408}. Best is trial 2 with value: 0.8657966259024008.
train_model.py:25: FutureWarning: suggest_loguniform has been deprecated in v3.0.0. This feature will be removed in v6.0.0. See https://github.com/optuna/optuna/releases/tag/v3.0.0. Use suggest_float(..., log=True) instead.
  "learning_rate": trial.suggest_loguniform("learning_rate", 0.01, 0.5),
[I 2025-02-04 14:37:52,567] Trial 6 finished with value: 0.8652814608114312 and parameters: {'n_estimators': 200, 'learning_rate': 0.061079848954913384}. Best is trial 2 with value: 0.8657966259024008.
train_model.py:25: FutureWarning: suggest_loguniform has been deprecated in v3.0.0. This feature will be removed in v6.0.0. See https://github.com/optuna/optuna/releases/tag/v3.0.0. Use suggest_float(..., log=True) instead.
  "learning_rate": trial.suggest_loguniform("learning_rate", 0.01, 0.5),
[I 2025-02-04 14:37:53,054] Trial 7 finished with value: 0.8631811684051776 and parameters: {'n_estimators': 50, 'learning_rate': 0.05095658560806502}. Best is trial 2 with value: 0.8657966259024008.
train_model.py:25: FutureWarning: suggest_loguniform has been deprecated in v3.0.0. This feature will be removed in v6.0.0. See https://github.com/optuna/optuna/releases/tag/v3.0.0. Use suggest_float(..., log=True) instead.
  "learning_rate": trial.suggest_loguniform("learning_rate", 0.01, 0.5),
[I 2025-02-04 14:37:53,671] Trial 8 finished with value: 0.8521416020414729 and parameters: {'n_estimators': 100, 'learning_rate': 0.28385622171518043}. Best is trial 2 with value: 0.8657966259024008.
train_model.py:25: FutureWarning: suggest_loguniform has been deprecated in v3.0.0. This feature will be removed in v6.0.0. See https://github.com/optuna/optuna/releases/tag/v3.0.0. Use suggest_float(..., log=True) instead.
  "learning_rate": trial.suggest_loguniform("learning_rate", 0.01, 0.5),
[I 2025-02-04 14:37:55,987] Trial 9 finished with value: 0.8656123756982079 and parameters: {'n_estimators': 300, 'learning_rate': 0.018691296223369187}. Best is trial 2 with value: 0.8657966259024008.
train_model.py:25: FutureWarning: suggest_loguniform has been deprecated in v3.0.0. This feature will be removed in v6.0.0. See https://github.com/optuna/optuna/releases/tag/v3.0.0. Use suggest_float(..., log=True) instead.
  "learning_rate": trial.suggest_loguniform("learning_rate", 0.01, 0.5),
[I 2025-02-04 14:37:57,477] Trial 10 finished with value: 0.8657615817083193 and parameters: {'n_estimators': 200, 'learning_rate': 0.03940683619805082}. Best is trial 2 with value: 0.8657966259024008.
train_model.py:25: FutureWarning: suggest_loguniform has been deprecated in v3.0.0. This feature will be removed in v6.0.0. See https://github.com/optuna/optuna/releases/tag/v3.0.0. Use suggest_float(..., log=True) instead.
  "learning_rate": trial.suggest_loguniform("learning_rate", 0.01, 0.5),
[I 2025-02-04 14:37:58,997] Trial 11 finished with value: 0.8661671411639198 and parameters: {'n_estimators': 200, 'learning_rate': 0.03547658447125375}. Best is trial 11 with value: 0.8661671411639198.
train_model.py:25: FutureWarning: suggest_loguniform has been deprecated in v3.0.0. This feature will be removed in v6.0.0. See https://github.com/optuna/optuna/releases/tag/v3.0.0. Use suggest_float(..., log=True) instead.
  "learning_rate": trial.suggest_loguniform("learning_rate", 0.01, 0.5),
[I 2025-02-04 14:38:00,859] Trial 12 finished with value: 0.8660696721487984 and parameters: {'n_estimators': 250, 'learning_rate': 0.027917771011407654}. Best is trial 11 with value: 0.8661671411639198.
Index(['SeriousDlqin2yrs', 'RevolvingUtilizationOfUnsecuredLines', 'age',
       'NumberOfTime30-59DaysPastDueNotWorse', 'DebtRatio', 'MonthlyIncome',
       'NumberOfOpenCreditLinesAndLoans', 'NumberOfTimes90DaysLate',
       'NumberRealEstateLoansOrLines', 'NumberOfTime60-89DaysPastDueNotWorse',
       'NumberOfDependents', 'age_cat'],
      dtype='object')
Index(['SeriousDlqin2yrs', 'RevolvingUtilizationOfUnsecuredLines', 'age',
       'NumberOfTime30-59DaysPastDueNotWorse', 'DebtRatio', 'MonthlyIncome',
       'NumberOfOpenCreditLinesAndLoans', 'NumberOfTimes90DaysLate',
       'NumberRealEstateLoansOrLines', 'NumberOfTime60-89DaysPastDueNotWorse',
       'NumberOfDependents'],
      dtype='object')
[LightGBM] [Info] Number of positive: 7018, number of negative: 97982
[LightGBM] [Info] Auto-choosing col-wise multi-threading, the overhead of testing was 0.009903 seconds.
You can set `force_col_wise=true` to remove the overhead.
[LightGBM] [Info] Total Bins 969
[LightGBM] [Info] Number of data points in the train set: 105000, number of used features: 10
[LightGBM] [Info] [binary:BoostFromScore]: pavg=0.066838 -> initscore=-2.636306
[LightGBM] [Info] Start training from score -2.636306
[LightGBM] [Info] Number of positive: 7018, number of negative: 97982
[LightGBM] [Info] Auto-choosing row-wise multi-threading, the overhead of testing was 0.005889 seconds.
You can set `force_row_wise=true` to remove the overhead.
And if memory is not enough, you can set `force_col_wise=true`.
[LightGBM] [Info] Total Bins 969
[LightGBM] [Info] Number of data points in the train set: 105000, number of used features: 10
[LightGBM] [Info] [binary:BoostFromScore]: pavg=0.066838 -> initscore=-2.636306
[LightGBM] [Info] Start training from score -2.636306
[LightGBM] [Info] Number of positive: 7018, number of negative: 97982
[LightGBM] [Info] Auto-choosing row-wise multi-threading, the overhead of testing was 0.005064 seconds.
You can set `force_row_wise=true` to remove the overhead.
And if memory is not enough, you can set `force_col_wise=true`.
[LightGBM] [Info] Total Bins 969
[LightGBM] [Info] Number of data points in the train set: 105000, number of used features: 10
[LightGBM] [Info] [binary:BoostFromScore]: pavg=0.066838 -> initscore=-2.636306
[LightGBM] [Info] Start training from score -2.636306
[LightGBM] [Info] Number of positive: 7018, number of negative: 97982
[LightGBM] [Info] Auto-choosing row-wise multi-threading, the overhead of testing was 0.005291 seconds.
You can set `force_row_wise=true` to remove the overhead.
And if memory is not enough, you can set `force_col_wise=true`.
[LightGBM] [Info] Total Bins 969
[LightGBM] [Info] Number of data points in the train set: 105000, number of used features: 10
[LightGBM] [Info] [binary:BoostFromScore]: pavg=0.066838 -> initscore=-2.636306
[LightGBM] [Info] Start training from score -2.636306
[LightGBM] [Info] Number of positive: 7018, number of negative: 97982
[LightGBM] [Info] Auto-choosing col-wise multi-threading, the overhead of testing was 0.008631 seconds.
You can set `force_col_wise=true` to remove the overhead.
[LightGBM] [Info] Total Bins 969
[LightGBM] [Info] Number of data points in the train set: 105000, number of used features: 10
[LightGBM] [Info] [binary:BoostFromScore]: pavg=0.066838 -> initscore=-2.636306
[LightGBM] [Info] Start training from score -2.636306
[LightGBM] [Info] Number of positive: 7018, number of negative: 97982
[LightGBM] [Info] Auto-choosing col-wise multi-threading, the overhead of testing was 0.008305 seconds.
You can set `force_col_wise=true` to remove the overhead.
[LightGBM] [Info] Total Bins 969
[LightGBM] [Info] Number of data points in the train set: 105000, number of used features: 10
[LightGBM] [Info] [binary:BoostFromScore]: pavg=0.066838 -> initscore=-2.636306
[LightGBM] [Info] Start training from score -2.636306
[LightGBM] [Info] Number of positive: 7018, number of negative: 97982
[LightGBM] [Info] Auto-choosing col-wise multi-threading, the overhead of testing was 0.008272 seconds.
You can set `force_col_wise=true` to remove the overhead.
[LightGBM] [Info] Total Bins 969
[LightGBM] [Info] Number of data points in the train set: 105000, number of used features: 10
[LightGBM] [Info] [binary:BoostFromScore]: pavg=0.066838 -> initscore=-2.636306
[LightGBM] [Info] Start training from score -2.636306
[LightGBM] [Info] Number of positive: 7018, number of negative: 97982
[LightGBM] [Info] Auto-choosing row-wise multi-threading, the overhead of testing was 0.005694 seconds.
You can set `force_row_wise=true` to remove the overhead.
And if memory is not enough, you can set `force_col_wise=true`.
[LightGBM] [Info] Total Bins 969
[LightGBM] [Info] Number of data points in the train set: 105000, number of used features: 10
[LightGBM] [Info] [binary:BoostFromScore]: pavg=0.066838 -> initscore=-2.636306
[LightGBM] [Info] Start training from score -2.636306
[LightGBM] [Info] Number of positive: 7018, number of negative: 97982
[LightGBM] [Info] Auto-choosing row-wise multi-threading, the overhead of testing was 0.004407 seconds.
You can set `force_row_wise=true` to remove the overhead.
And if memory is not enough, you can set `force_col_wise=true`.
[LightGBM] [Info] Total Bins 969
[LightGBM] [Info] Number of data points in the train set: 105000, number of used features: 10
[LightGBM] [Info] [binary:BoostFromScore]: pavg=0.066838 -> initscore=-2.636306
[LightGBM] [Info] Start training from score -2.636306
[LightGBM] [Info] Number of positive: 7018, number of negative: 97982
[LightGBM] [Info] Auto-choosing row-wise multi-threading, the overhead of testing was 0.004684 seconds.
You can set `force_row_wise=true` to remove the overhead.
And if memory is not enough, you can set `force_col_wise=true`.
[LightGBM] [Info] Total Bins 969
[LightGBM] [Info] Number of data points in the train set: 105000, number of used features: 10
[LightGBM] [Info] [binary:BoostFromScore]: pavg=0.066838 -> initscore=-2.636306
[LightGBM] [Info] Start training from score -2.636306
[LightGBM] [Info] Number of positive: 7018, number of negative: 97982
[LightGBM] [Info] Auto-choosing row-wise multi-threading, the overhead of testing was 0.005782 seconds.
You can set `force_row_wise=true` to remove the overhead.
And if memory is not enough, you can set `force_col_wise=true`.
[LightGBM] [Info] Total Bins 969
[LightGBM] [Info] Number of data points in the train set: 105000, number of used features: 10
[LightGBM] [Info] [binary:BoostFromScore]: pavg=0.066838 -> initscore=-2.636306
[LightGBM] [Info] Start training from score -2.636306
[LightGBM] [Info] Number of positive: 7018, number of negative: 97982
[LightGBM] [Info] Auto-choosing row-wise multi-threading, the overhead of testing was 0.004508 seconds.
You can set `force_row_wise=true` to remove the overhead.
And if memory is not enough, you can set `force_col_wise=true`.
[LightGBM] [Info] Total Bins 969
[LightGBM] [Info] Number of data points in the train set: 105000, number of used features: 10
[LightGBM] [Info] [binary:BoostFromScore]: pavg=0.066838 -> initscore=-2.636306
[LightGBM] [Info] Start training from score -2.636306
[LightGBM] [Info] Number of positive: 7018, number of negative: 97982
[LightGBM] [Info] Auto-choosing row-wise multi-threading, the overhead of testing was 0.004521 seconds.
You can set `force_row_wise=true` to remove the overhead.
And if memory is not enough, you can set `force_col_wise=true`.
[LightGBM] [Info] Total Bins 969
[LightGBM] [Info] Number of data points in the train set: 105000, number of used features: 10
[LightGBM] [Info] [binary:BoostFromScore]: pavg=0.066838 -> initscore=-2.636306
[LightGBM] [Info] Start training from score -2.636306
[LightGBM] [Info] Number of positive: 7018, number of negative: 97982
[LightGBM] [Info] Auto-choosing row-wise multi-threading, the overhead of testing was 0.005732 seconds.
You can set `force_row_wise=true` to remove the overhead.
And if memory is not enough, you can set `force_col_wise=true`.
[LightGBM] [Info] Total Bins 969
[LightGBM] [Info] Number of data points in the train set: 105000, number of used features: 10
train_model.py:25: FutureWarning: suggest_loguniform has been deprecated in v3.0.0. This feature will be removed in v6.0.0. See https://github.com/optuna/optuna/releases/tag/v3.0.0. Use suggest_float(..., log=True) instead.
  "learning_rate": trial.suggest_loguniform("learning_rate", 0.01, 0.5),
[I 2025-02-04 14:38:02,847] Trial 13 finished with value: 0.8634868481471141 and parameters: {'n_estimators': 250, 'learning_rate': 0.010383198738642128}. Best is trial 11 with value: 0.8661671411639198.
train_model.py:25: FutureWarning: suggest_loguniform has been deprecated in v3.0.0. This feature will be removed in v6.0.0. See https://github.com/optuna/optuna/releases/tag/v3.0.0. Use suggest_float(..., log=True) instead.
  "learning_rate": trial.suggest_loguniform("learning_rate", 0.01, 0.5),
[I 2025-02-04 14:38:04,304] Trial 14 finished with value: 0.8619116684269649 and parameters: {'n_estimators': 250, 'learning_rate': 0.09440858964719728}. Best is trial 11 with value: 0.8661671411639198.
train_model.py:25: FutureWarning: suggest_loguniform has been deprecated in v3.0.0. This feature will be removed in v6.0.0. See https://github.com/optuna/optuna/releases/tag/v3.0.0. Use suggest_float(..., log=True) instead.
  "learning_rate": trial.suggest_loguniform("learning_rate", 0.01, 0.5),
[I 2025-02-04 14:38:05,658] Trial 15 finished with value: 0.8264104035267101 and parameters: {'n_estimators': 250, 'learning_rate': 0.48782673987430053}. Best is trial 11 with value: 0.8661671411639198.
train_model.py:25: FutureWarning: suggest_loguniform has been deprecated in v3.0.0. This feature will be removed in v6.0.0. See https://github.com/optuna/optuna/releases/tag/v3.0.0. Use suggest_float(..., log=True) instead.
  "learning_rate": trial.suggest_loguniform("learning_rate", 0.01, 0.5),
[I 2025-02-04 14:38:07,569] Trial 16 finished with value: 0.8658058015989875 and parameters: {'n_estimators': 250, 'learning_rate': 0.025867604612164696}. Best is trial 11 with value: 0.8661671411639198.
train_model.py:25: FutureWarning: suggest_loguniform has been deprecated in v3.0.0. This feature will be removed in v6.0.0. See https://github.com/optuna/optuna/releases/tag/v3.0.0. Use suggest_float(..., log=True) instead.
  "learning_rate": trial.suggest_loguniform("learning_rate", 0.01, 0.5),
[I 2025-02-04 14:38:08,802] Trial 17 finished with value: 0.8635685387642225 and parameters: {'n_estimators': 150, 'learning_rate': 0.017006531586560104}. Best is trial 11 with value: 0.8661671411639198.
train_model.py:25: FutureWarning: suggest_loguniform has been deprecated in v3.0.0. This feature will be removed in v6.0.0. See https://github.com/optuna/optuna/releases/tag/v3.0.0. Use suggest_float(..., log=True) instead.
  "learning_rate": trial.suggest_loguniform("learning_rate", 0.01, 0.5),
[I 2025-02-04 14:38:09,777] Trial 18 finished with value: 0.8643903573768358 and parameters: {'n_estimators': 100, 'learning_rate': 0.034865188771534134}. Best is trial 11 with value: 0.8661671411639198.
train_model.py:25: FutureWarning: suggest_loguniform has been deprecated in v3.0.0. This feature will be removed in v6.0.0. See https://github.com/optuna/optuna/releases/tag/v3.0.0. Use suggest_float(..., log=True) instead.
  "learning_rate": trial.suggest_loguniform("learning_rate", 0.01, 0.5),
[I 2025-02-04 14:38:11,132] Trial 19 finished with value: 0.8628121177716729 and parameters: {'n_estimators': 200, 'learning_rate': 0.09297335583412157}. Best is trial 11 with value: 0.8661671411639198.
train_model.py:25: FutureWarning: suggest_loguniform has been deprecated in v3.0.0. This feature will be removed in v6.0.0. See https://github.com/optuna/optuna/releases/tag/v3.0.0. Use suggest_float(..., log=True) instead.
  "learning_rate": trial.suggest_loguniform("learning_rate", 0.01, 0.5),
[I 2025-02-04 14:38:12,837] Trial 20 finished with value: 0.8653224506035598 and parameters: {'n_estimators': 250, 'learning_rate': 0.05409129311885378}. Best is trial 11 with value: 0.8661671411639198.
train_model.py:25: FutureWarning: suggest_loguniform has been deprecated in v3.0.0. This feature will be removed in v6.0.0. See https://github.com/optuna/optuna/releases/tag/v3.0.0. Use suggest_float(..., log=True) instead.
  "learning_rate": trial.suggest_loguniform("learning_rate", 0.01, 0.5),
[I 2025-02-04 14:38:14,705] Trial 21 finished with value: 0.8661068697419063 and parameters: {'n_estimators': 250, 'learning_rate': 0.026034392708481662}. Best is trial 11 with value: 0.8661671411639198.
train_model.py:25: FutureWarning: suggest_loguniform has been deprecated in v3.0.0. This feature will be removed in v6.0.0. See https://github.com/optuna/optuna/releases/tag/v3.0.0. Use suggest_float(..., log=True) instead.
  "learning_rate": trial.suggest_loguniform("learning_rate", 0.01, 0.5),
[I 2025-02-04 14:38:16,531] Trial 22 finished with value: 0.8659930998128316 and parameters: {'n_estimators': 250, 'learning_rate': 0.030256499135907427}. Best is trial 11 with value: 0.8661671411639198.
train_model.py:25: FutureWarning: suggest_loguniform has been deprecated in v3.0.0. This feature will be removed in v6.0.0. See https://github.com/optuna/optuna/releases/tag/v3.0.0. Use suggest_float(..., log=True) instead.
  "learning_rate": trial.suggest_loguniform("learning_rate", 0.01, 0.5),
[I 2025-02-04 14:38:18,130] Trial 23 finished with value: 0.8644656788413091 and parameters: {'n_estimators': 200, 'learning_rate': 0.0168227147876347}. Best is trial 11 with value: 0.8661671411639198.
train_model.py:25: FutureWarning: suggest_loguniform has been deprecated in v3.0.0. This feature will be removed in v6.0.0. See https://github.com/optuna/optuna/releases/tag/v3.0.0. Use suggest_float(..., log=True) instead.
  "learning_rate": trial.suggest_loguniform("learning_rate", 0.01, 0.5),
[I 2025-02-04 14:38:20,017] Trial 24 finished with value: 0.865237795104336 and parameters: {'n_estimators': 300, 'learning_rate': 0.044845729808219714}. Best is trial 11 with value: 0.8661671411639198.
train_model.py:25: FutureWarning: suggest_loguniform has been deprecated in v3.0.0. This feature will be removed in v6.0.0. See https://github.com/optuna/optuna/releases/tag/v3.0.0. Use suggest_float(..., log=True) instead.
  "learning_rate": trial.suggest_loguniform("learning_rate", 0.01, 0.5),
[I 2025-02-04 14:38:22,094] Trial 25 finished with value: 0.8656344203290495 and parameters: {'n_estimators': 250, 'learning_rate': 0.019840040319655305}. Best is trial 11 with value: 0.8661671411639198.
train_model.py:25: FutureWarning: suggest_loguniform has been deprecated in v3.0.0. This feature will be removed in v6.0.0. See https://github.com/optuna/optuna/releases/tag/v3.0.0. Use suggest_float(..., log=True) instead.
  "learning_rate": trial.suggest_loguniform("learning_rate", 0.01, 0.5),
