[I 2025-02-04 14:39:04,543] Trial 42 finished with value: 0.8654759000764582 and parameters: {'n_estimators': 200, 'learning_rate': 0.027077328999938283}. Best is trial 11 with value: 0.8661671411639198.
[LightGBM] [Info] Start training from score -2.636306
[LightGBM] [Info] Number of positive: 7018, number of negative: 97982
[LightGBM] [Info] Auto-choosing row-wise multi-threading, the overhead of testing was 0.004287 seconds.
You can set `force_row_wise=true` to remove the overhead.
And if memory is not enough, you can set `force_col_wise=true`.
[LightGBM] [Info] Total Bins 969
[LightGBM] [Info] Number of data points in the train set: 105000, number of used features: 10
[LightGBM] [Info] [binary:BoostFromScore]: pavg=0.066838 -> initscore=-2.636306
[LightGBM] [Info] Start training from score -2.636306
[LightGBM] [Info] Number of positive: 7018, number of negative: 97982
[LightGBM] [Info] Auto-choosing row-wise multi-threading, the overhead of testing was 0.004342 seconds.
You can set `force_row_wise=true` to remove the overhead.
And if memory is not enough, you can set `force_col_wise=true`.
[LightGBM] [Info] Total Bins 969
[LightGBM] [Info] Number of data points in the train set: 105000, number of used features: 10
[LightGBM] [Info] [binary:BoostFromScore]: pavg=0.066838 -> initscore=-2.636306
[LightGBM] [Info] Start training from score -2.636306
[LightGBM] [Info] Number of positive: 7018, number of negative: 97982
[LightGBM] [Info] Auto-choosing row-wise multi-threading, the overhead of testing was 0.004489 seconds.
You can set `force_row_wise=true` to remove the overhead.
And if memory is not enough, you can set `force_col_wise=true`.
[LightGBM] [Info] Total Bins 969
[LightGBM] [Info] Number of data points in the train set: 105000, number of used features: 10
[LightGBM] [Info] [binary:BoostFromScore]: pavg=0.066838 -> initscore=-2.636306
[LightGBM] [Info] Start training from score -2.636306
[LightGBM] [Info] Number of positive: 7018, number of negative: 97982
[LightGBM] [Info] Auto-choosing row-wise multi-threading, the overhead of testing was 0.004343 seconds.
You can set `force_row_wise=true` to remove the overhead.
And if memory is not enough, you can set `force_col_wise=true`.
[LightGBM] [Info] Total Bins 969
[LightGBM] [Info] Number of data points in the train set: 105000, number of used features: 10
[LightGBM] [Info] [binary:BoostFromScore]: pavg=0.066838 -> initscore=-2.636306
[LightGBM] [Info] Start training from score -2.636306
[LightGBM] [Info] Number of positive: 7018, number of negative: 97982
[LightGBM] [Info] Auto-choosing row-wise multi-threading, the overhead of testing was 0.004381 seconds.
You can set `force_row_wise=true` to remove the overhead.
And if memory is not enough, you can set `force_col_wise=true`.
[LightGBM] [Info] Total Bins 969
[LightGBM] [Info] Number of data points in the train set: 105000, number of used features: 10
[LightGBM] [Info] [binary:BoostFromScore]: pavg=0.066838 -> initscore=-2.636306
[LightGBM] [Info] Start training from score -2.636306
[LightGBM] [Info] Number of positive: 7018, number of negative: 97982
[LightGBM] [Info] Auto-choosing row-wise multi-threading, the overhead of testing was 0.004333 seconds.
You can set `force_row_wise=true` to remove the overhead.
And if memory is not enough, you can set `force_col_wise=true`.
[LightGBM] [Info] Total Bins 969
[LightGBM] [Info] Number of data points in the train set: 105000, number of used features: 10
[LightGBM] [Info] [binary:BoostFromScore]: pavg=0.066838 -> initscore=-2.636306
[LightGBM] [Info] Start training from score -2.636306
[LightGBM] [Info] Number of positive: 7018, number of negative: 97982
[LightGBM] [Info] Auto-choosing row-wise multi-threading, the overhead of testing was 0.004782 seconds.
You can set `force_row_wise=true` to remove the overhead.
And if memory is not enough, you can set `force_col_wise=true`.
[LightGBM] [Info] Total Bins 969
[LightGBM] [Info] Number of data points in the train set: 105000, number of used features: 10
[LightGBM] [Info] [binary:BoostFromScore]: pavg=0.066838 -> initscore=-2.636306
[LightGBM] [Info] Start training from score -2.636306
[LightGBM] [Info] Number of positive: 7018, number of negative: 97982
[LightGBM] [Info] Auto-choosing row-wise multi-threading, the overhead of testing was 0.040722 seconds.
You can set `force_row_wise=true` to remove the overhead.
And if memory is not enough, you can set `force_col_wise=true`.
[LightGBM] [Info] Total Bins 969
[LightGBM] [Info] Number of data points in the train set: 105000, number of used features: 10
[LightGBM] [Info] [binary:BoostFromScore]: pavg=0.066838 -> initscore=-2.636306
[LightGBM] [Info] Start training from score -2.636306
[LightGBM] [Info] Number of positive: 7018, number of negative: 97982
[LightGBM] [Info] Auto-choosing row-wise multi-threading, the overhead of testing was 0.005839 seconds.
You can set `force_row_wise=true` to remove the overhead.
And if memory is not enough, you can set `force_col_wise=true`.
[LightGBM] [Info] Total Bins 969
[LightGBM] [Info] Number of data points in the train set: 105000, number of used features: 10
[LightGBM] [Info] [binary:BoostFromScore]: pavg=0.066838 -> initscore=-2.636306
[LightGBM] [Info] Start training from score -2.636306
[LightGBM] [Info] Number of positive: 7018, number of negative: 97982
[LightGBM] [Info] Auto-choosing row-wise multi-threading, the overhead of testing was 0.006914 seconds.
You can set `force_row_wise=true` to remove the overhead.
And if memory is not enough, you can set `force_col_wise=true`.
[LightGBM] [Info] Total Bins 969
[LightGBM] [Info] Number of data points in the train set: 105000, number of used features: 10
[LightGBM] [Info] [binary:BoostFromScore]: pavg=0.066838 -> initscore=-2.636306
[LightGBM] [Info] Start training from score -2.636306
[LightGBM] [Info] Number of positive: 7018, number of negative: 97982
[LightGBM] [Info] Auto-choosing row-wise multi-threading, the overhead of testing was 0.005872 seconds.
You can set `force_row_wise=true` to remove the overhead.
And if memory is not enough, you can set `force_col_wise=true`.
[LightGBM] [Info] Total Bins 969
[LightGBM] [Info] Number of data points in the train set: 105000, number of used features: 10
[LightGBM] [Info] [binary:BoostFromScore]: pavg=0.066838 -> initscore=-2.636306
[LightGBM] [Info] Start training from score -2.636306
[LightGBM] [Info] Number of positive: 7018, number of negative: 97982
[LightGBM] [Info] Auto-choosing row-wise multi-threading, the overhead of testing was 0.015835 seconds.
You can set `force_row_wise=true` to remove the overhead.
And if memory is not enough, you can set `force_col_wise=true`.
[LightGBM] [Info] Total Bins 969
[LightGBM] [Info] Number of data points in the train set: 105000, number of used features: 10
[LightGBM] [Info] [binary:BoostFromScore]: pavg=0.066838 -> initscore=-2.636306
[LightGBM] [Info] Start training from score -2.636306
[LightGBM] [Info] Number of positive: 7018, number of negative: 97982
[LightGBM] [Info] Auto-choosing row-wise multi-threading, the overhead of testing was 0.006743 seconds.
You can set `force_row_wise=true` to remove the overhead.
And if memory is not enough, you can set `force_col_wise=true`.
[LightGBM] [Info] Total Bins 969
[LightGBM] [Info] Number of data points in the train set: 105000, number of used features: 10
[LightGBM] [Info] [binary:BoostFromScore]: pavg=0.066838 -> initscore=-2.636306
[LightGBM] [Info] Start training from score -2.636306
[LightGBM] [Info] Number of positive: 7018, number of negative: 97982
[LightGBM] [Info] Auto-choosing row-wise multi-threading, the overhead of testing was 0.051467 seconds.
You can set `force_row_wise=true` to remove the overhead.
And if memory is not enough, you can set `force_col_wise=true`.
[LightGBM] [Info] Total Bins 969
[LightGBM] [Info] Number of data points in the train set: 105000, number of used features: 10
[LightGBM] [Info] [binary:BoostFromScore]: pavg=0.066838 -> initscore=-2.636306
[LightGBM] [Info] Start training from score -2.636306
[LightGBM] [Info] Number of positive: 7018, number of negative: 97982
[LightGBM] [Info] Auto-choosing row-wise multi-threading, the overhead of testing was 0.018471 seconds.
You can set `force_row_wise=true` to remove the overhead.
And if memory is not enough, you can set `force_col_wise=true`.
[LightGBM] [Info] Total Bins 969
train_model.py:25: FutureWarning: suggest_loguniform has been deprecated in v3.0.0. This feature will be removed in v6.0.0. See https://github.com/optuna/optuna/releases/tag/v3.0.0. Use suggest_float(..., log=True) instead.
  "learning_rate": trial.suggest_loguniform("learning_rate", 0.01, 0.5),
[I 2025-02-04 14:39:09,908] Trial 43 finished with value: 0.8651506774466666 and parameters: {'n_estimators': 150, 'learning_rate': 0.06098171294998981}. Best is trial 11 with value: 0.8661671411639198.
train_model.py:25: FutureWarning: suggest_loguniform has been deprecated in v3.0.0. This feature will be removed in v6.0.0. See https://github.com/optuna/optuna/releases/tag/v3.0.0. Use suggest_float(..., log=True) instead.
  "learning_rate": trial.suggest_loguniform("learning_rate", 0.01, 0.5),
[I 2025-02-04 14:39:16,539] Trial 44 finished with value: 0.8654210438196435 and parameters: {'n_estimators': 250, 'learning_rate': 0.03852385119701782}. Best is trial 11 with value: 0.8661671411639198.
train_model.py:25: FutureWarning: suggest_loguniform has been deprecated in v3.0.0. This feature will be removed in v6.0.0. See https://github.com/optuna/optuna/releases/tag/v3.0.0. Use suggest_float(..., log=True) instead.
  "learning_rate": trial.suggest_loguniform("learning_rate", 0.01, 0.5),
[I 2025-02-04 14:39:24,834] Trial 45 finished with value: 0.8658890874730952 and parameters: {'n_estimators': 250, 'learning_rate': 0.029903143207751805}. Best is trial 11 with value: 0.8661671411639198.
train_model.py:25: FutureWarning: suggest_loguniform has been deprecated in v3.0.0. This feature will be removed in v6.0.0. See https://github.com/optuna/optuna/releases/tag/v3.0.0. Use suggest_float(..., log=True) instead.
  "learning_rate": trial.suggest_loguniform("learning_rate", 0.01, 0.5),
[I 2025-02-04 14:39:31,152] Trial 46 finished with value: 0.8651395858582993 and parameters: {'n_estimators': 200, 'learning_rate': 0.023245741443476537}. Best is trial 11 with value: 0.8661671411639198.
train_model.py:25: FutureWarning: suggest_loguniform has been deprecated in v3.0.0. This feature will be removed in v6.0.0. See https://github.com/optuna/optuna/releases/tag/v3.0.0. Use suggest_float(..., log=True) instead.
  "learning_rate": trial.suggest_loguniform("learning_rate", 0.01, 0.5),
[I 2025-02-04 14:39:36,404] Trial 47 finished with value: 0.8652791847003279 and parameters: {'n_estimators': 250, 'learning_rate': 0.047822114672743284}. Best is trial 11 with value: 0.8661671411639198.
train_model.py:25: FutureWarning: suggest_loguniform has been deprecated in v3.0.0. This feature will be removed in v6.0.0. See https://github.com/optuna/optuna/releases/tag/v3.0.0. Use suggest_float(..., log=True) instead.
  "learning_rate": trial.suggest_loguniform("learning_rate", 0.01, 0.5),
[I 2025-02-04 14:39:42,871] Trial 48 finished with value: 0.8646453253633923 and parameters: {'n_estimators': 200, 'learning_rate': 0.018014549575645262}. Best is trial 11 with value: 0.8661671411639198.
train_model.py:25: FutureWarning: suggest_loguniform has been deprecated in v3.0.0. This feature will be removed in v6.0.0. See https://github.com/optuna/optuna/releases/tag/v3.0.0. Use suggest_float(..., log=True) instead.
  "learning_rate": trial.suggest_loguniform("learning_rate", 0.01, 0.5),
[I 2025-02-04 14:39:47,684] Trial 49 finished with value: 0.8647135928626728 and parameters: {'n_estimators': 250, 'learning_rate': 0.05969404744945591}. Best is trial 11 with value: 0.8661671411639198.
[LightGBM] [Info] Number of data points in the train set: 105000, number of used features: 10
[LightGBM] [Info] [binary:BoostFromScore]: pavg=0.066838 -> initscore=-2.636306
[LightGBM] [Info] Start training from score -2.636306
[LightGBM] [Info] Number of positive: 7018, number of negative: 97982
[LightGBM] [Info] Auto-choosing row-wise multi-threading, the overhead of testing was 0.015397 seconds.
You can set `force_row_wise=true` to remove the overhead.
And if memory is not enough, you can set `force_col_wise=true`.
[LightGBM] [Info] Total Bins 969
[LightGBM] [Info] Number of data points in the train set: 105000, number of used features: 10
[LightGBM] [Info] [binary:BoostFromScore]: pavg=0.066838 -> initscore=-2.636306
[LightGBM] [Info] Start training from score -2.636306
[LightGBM] [Info] Number of positive: 7018, number of negative: 97982
[LightGBM] [Info] Auto-choosing row-wise multi-threading, the overhead of testing was 0.010773 seconds.
You can set `force_row_wise=true` to remove the overhead.
And if memory is not enough, you can set `force_col_wise=true`.
[LightGBM] [Info] Total Bins 969
[LightGBM] [Info] Number of data points in the train set: 105000, number of used features: 10
[LightGBM] [Info] [binary:BoostFromScore]: pavg=0.066838 -> initscore=-2.636306
[LightGBM] [Info] Start training from score -2.636306
[LightGBM] [Info] Number of positive: 7018, number of negative: 97982
[LightGBM] [Info] Auto-choosing row-wise multi-threading, the overhead of testing was 0.012416 seconds.
You can set `force_row_wise=true` to remove the overhead.
And if memory is not enough, you can set `force_col_wise=true`.
[LightGBM] [Info] Total Bins 969
[LightGBM] [Info] Number of data points in the train set: 105000, number of used features: 10
[LightGBM] [Info] [binary:BoostFromScore]: pavg=0.066838 -> initscore=-2.636306
[LightGBM] [Info] Start training from score -2.636306
[LightGBM] [Info] Number of positive: 7018, number of negative: 97982
[LightGBM] [Info] Auto-choosing row-wise multi-threading, the overhead of testing was 0.017213 seconds.
You can set `force_row_wise=true` to remove the overhead.
And if memory is not enough, you can set `force_col_wise=true`.
[LightGBM] [Info] Total Bins 969
[LightGBM] [Info] Number of data points in the train set: 105000, number of used features: 10
[LightGBM] [Info] [binary:BoostFromScore]: pavg=0.066838 -> initscore=-2.636306
[LightGBM] [Info] Start training from score -2.636306
[LightGBM] [Info] Number of positive: 7018, number of negative: 97982
[LightGBM] [Info] Auto-choosing row-wise multi-threading, the overhead of testing was 0.053423 seconds.
You can set `force_row_wise=true` to remove the overhead.
And if memory is not enough, you can set `force_col_wise=true`.
[LightGBM] [Info] Total Bins 969
[LightGBM] [Info] Number of data points in the train set: 105000, number of used features: 10
[LightGBM] [Info] [binary:BoostFromScore]: pavg=0.066838 -> initscore=-2.636306
[LightGBM] [Info] Start training from score -2.636306
[LightGBM] [Info] Number of positive: 7018, number of negative: 97982
[LightGBM] [Info] Auto-choosing row-wise multi-threading, the overhead of testing was 0.060376 seconds.
You can set `force_row_wise=true` to remove the overhead.
And if memory is not enough, you can set `force_col_wise=true`.
[LightGBM] [Info] Total Bins 969
[LightGBM] [Info] Number of data points in the train set: 105000, number of used features: 10
[LightGBM] [Info] [binary:BoostFromScore]: pavg=0.066838 -> initscore=-2.636306
[LightGBM] [Info] Start training from score -2.636306

======================= Résultat =======================
✅ Meilleurs paramètres : {'n_estimators': 200, 'learning_rate': 0.03547658447125375}
✅ Meilleur AUC : 0.8661671411639198
✅ Meilleur F1-score : 0.27898643460455597
========================================================
[LightGBM] [Info] Number of positive: 7018, number of negative: 97982
[LightGBM] [Info] Auto-choosing row-wise multi-threading, the overhead of testing was 0.007337 seconds.
You can set `force_row_wise=true` to remove the overhead.
And if memory is not enough, you can set `force_col_wise=true`.
[LightGBM] [Info] Total Bins 969
[LightGBM] [Info] Number of data points in the train set: 105000, number of used features: 10
[LightGBM] [Info] [binary:BoostFromScore]: pavg=0.066838 -> initscore=-2.636306
[LightGBM] [Info] Start training from score -2.636306
