[I 2025-02-04 14:38:23,656] Trial 26 finished with value: 0.8655714254906204 and parameters: {'n_estimators': 200, 'learning_rate': 0.026869261738535082}. Best is trial 11 with value: 0.8661671411639198.
train_model.py:25: FutureWarning: suggest_loguniform has been deprecated in v3.0.0. This feature will be removed in v6.0.0. See https://github.com/optuna/optuna/releases/tag/v3.0.0. Use suggest_float(..., log=True) instead.
  "learning_rate": trial.suggest_loguniform("learning_rate", 0.01, 0.5),
[I 2025-02-04 14:38:25,974] Trial 27 finished with value: 0.8651218678177808 and parameters: {'n_estimators': 300, 'learning_rate': 0.013715180109590962}. Best is trial 11 with value: 0.8661671411639198.
[LightGBM] [Info] [binary:BoostFromScore]: pavg=0.066838 -> initscore=-2.636306
[LightGBM] [Info] Start training from score -2.636306
[LightGBM] [Info] Number of positive: 7018, number of negative: 97982
[LightGBM] [Info] Auto-choosing row-wise multi-threading, the overhead of testing was 0.004417 seconds.
You can set `force_row_wise=true` to remove the overhead.
And if memory is not enough, you can set `force_col_wise=true`.
[LightGBM] [Info] Total Bins 969
[LightGBM] [Info] Number of data points in the train set: 105000, number of used features: 10
[LightGBM] [Info] [binary:BoostFromScore]: pavg=0.066838 -> initscore=-2.636306
[LightGBM] [Info] Start training from score -2.636306
[LightGBM] [Info] Number of positive: 7018, number of negative: 97982
[LightGBM] [Info] Auto-choosing row-wise multi-threading, the overhead of testing was 0.004346 seconds.
You can set `force_row_wise=true` to remove the overhead.
And if memory is not enough, you can set `force_col_wise=true`.
[LightGBM] [Info] Total Bins 969
[LightGBM] [Info] Number of data points in the train set: 105000, number of used features: 10
[LightGBM] [Info] [binary:BoostFromScore]: pavg=0.066838 -> initscore=-2.636306
[LightGBM] [Info] Start training from score -2.636306
[LightGBM] [Info] Number of positive: 7018, number of negative: 97982
[LightGBM] [Info] Auto-choosing row-wise multi-threading, the overhead of testing was 0.004344 seconds.
You can set `force_row_wise=true` to remove the overhead.
And if memory is not enough, you can set `force_col_wise=true`.
[LightGBM] [Info] Total Bins 969
[LightGBM] [Info] Number of data points in the train set: 105000, number of used features: 10
[LightGBM] [Info] [binary:BoostFromScore]: pavg=0.066838 -> initscore=-2.636306
[LightGBM] [Info] Start training from score -2.636306
[LightGBM] [Info] Number of positive: 7018, number of negative: 97982
[LightGBM] [Info] Auto-choosing row-wise multi-threading, the overhead of testing was 0.004397 seconds.
You can set `force_row_wise=true` to remove the overhead.
And if memory is not enough, you can set `force_col_wise=true`.
[LightGBM] [Info] Total Bins 969
[LightGBM] [Info] Number of data points in the train set: 105000, number of used features: 10
[LightGBM] [Info] [binary:BoostFromScore]: pavg=0.066838 -> initscore=-2.636306
[LightGBM] [Info] Start training from score -2.636306
[LightGBM] [Info] Number of positive: 7018, number of negative: 97982
[LightGBM] [Info] Auto-choosing col-wise multi-threading, the overhead of testing was 0.009218 seconds.
You can set `force_col_wise=true` to remove the overhead.
[LightGBM] [Info] Total Bins 969
[LightGBM] [Info] Number of data points in the train set: 105000, number of used features: 10
[LightGBM] [Info] [binary:BoostFromScore]: pavg=0.066838 -> initscore=-2.636306
[LightGBM] [Info] Start training from score -2.636306
[LightGBM] [Info] Number of positive: 7018, number of negative: 97982
[LightGBM] [Info] Auto-choosing col-wise multi-threading, the overhead of testing was 0.008937 seconds.
You can set `force_col_wise=true` to remove the overhead.
[LightGBM] [Info] Total Bins 969
[LightGBM] [Info] Number of data points in the train set: 105000, number of used features: 10
[LightGBM] [Info] [binary:BoostFromScore]: pavg=0.066838 -> initscore=-2.636306
[LightGBM] [Info] Start training from score -2.636306
[LightGBM] [Info] Number of positive: 7018, number of negative: 97982
[LightGBM] [Info] Auto-choosing col-wise multi-threading, the overhead of testing was 0.008397 seconds.
You can set `force_col_wise=true` to remove the overhead.
[LightGBM] [Info] Total Bins 969
[LightGBM] [Info] Number of data points in the train set: 105000, number of used features: 10
[LightGBM] [Info] [binary:BoostFromScore]: pavg=0.066838 -> initscore=-2.636306
[LightGBM] [Info] Start training from score -2.636306
[LightGBM] [Info] Number of positive: 7018, number of negative: 97982
[LightGBM] [Info] Auto-choosing row-wise multi-threading, the overhead of testing was 0.004845 seconds.
You can set `force_row_wise=true` to remove the overhead.
And if memory is not enough, you can set `force_col_wise=true`.
[LightGBM] [Info] Total Bins 969
[LightGBM] [Info] Number of data points in the train set: 105000, number of used features: 10
[LightGBM] [Info] [binary:BoostFromScore]: pavg=0.066838 -> initscore=-2.636306
[LightGBM] [Info] Start training from score -2.636306
[LightGBM] [Info] Number of positive: 7018, number of negative: 97982
[LightGBM] [Info] Auto-choosing row-wise multi-threading, the overhead of testing was 0.004486 seconds.
You can set `force_row_wise=true` to remove the overhead.
And if memory is not enough, you can set `force_col_wise=true`.
[LightGBM] [Info] Total Bins 969
[LightGBM] [Info] Number of data points in the train set: 105000, number of used features: 10
[LightGBM] [Info] [binary:BoostFromScore]: pavg=0.066838 -> initscore=-2.636306
[LightGBM] [Info] Start training from score -2.636306
[LightGBM] [Info] Number of positive: 7018, number of negative: 97982
[LightGBM] [Info] Auto-choosing row-wise multi-threading, the overhead of testing was 0.004537 seconds.
You can set `force_row_wise=true` to remove the overhead.
And if memory is not enough, you can set `force_col_wise=true`.
[LightGBM] [Info] Total Bins 969
[LightGBM] [Info] Number of data points in the train set: 105000, number of used features: 10
[LightGBM] [Info] [binary:BoostFromScore]: pavg=0.066838 -> initscore=-2.636306
[LightGBM] [Info] Start training from score -2.636306
[LightGBM] [Info] Number of positive: 7018, number of negative: 97982
[LightGBM] [Info] Auto-choosing row-wise multi-threading, the overhead of testing was 0.004348 seconds.
You can set `force_row_wise=true` to remove the overhead.
And if memory is not enough, you can set `force_col_wise=true`.
[LightGBM] [Info] Total Bins 969
[LightGBM] [Info] Number of data points in the train set: 105000, number of used features: 10
[LightGBM] [Info] [binary:BoostFromScore]: pavg=0.066838 -> initscore=-2.636306
[LightGBM] [Info] Start training from score -2.636306
[LightGBM] [Info] Number of positive: 7018, number of negative: 97982
[LightGBM] [Info] Auto-choosing col-wise multi-threading, the overhead of testing was 0.007882 seconds.
You can set `force_col_wise=true` to remove the overhead.
[LightGBM] [Info] Total Bins 969
[LightGBM] [Info] Number of data points in the train set: 105000, number of used features: 10
[LightGBM] [Info] [binary:BoostFromScore]: pavg=0.066838 -> initscore=-2.636306
[LightGBM] [Info] Start training from score -2.636306
[LightGBM] [Info] Number of positive: 7018, number of negative: 97982
[LightGBM] [Info] Auto-choosing row-wise multi-threading, the overhead of testing was 0.004395 seconds.
You can set `force_row_wise=true` to remove the overhead.
And if memory is not enough, you can set `force_col_wise=true`.
[LightGBM] [Info] Total Bins 969
[LightGBM] [Info] Number of data points in the train set: 105000, number of used features: 10
[LightGBM] [Info] [binary:BoostFromScore]: pavg=0.066838 -> initscore=-2.636306
[LightGBM] [Info] Start training from score -2.636306
[LightGBM] [Info] Number of positive: 7018, number of negative: 97982
[LightGBM] [Info] Auto-choosing row-wise multi-threading, the overhead of testing was 0.004440 seconds.
You can set `force_row_wise=true` to remove the overhead.
And if memory is not enough, you can set `force_col_wise=true`.
[LightGBM] [Info] Total Bins 969
[LightGBM] [Info] Number of data points in the train set: 105000, number of used features: 10
[LightGBM] [Info] [binary:BoostFromScore]: pavg=0.066838 -> initscore=-2.636306
[LightGBM] [Info] Start training from score -2.636306
[LightGBM] [Info] Number of positive: 7018, number of negative: 97982
[LightGBM] [Info] Auto-choosing row-wise multi-threading, the overhead of testing was 0.004412 seconds.
You can set `force_row_wise=true` to remove the overhead.
And if memory is not enough, you can set `force_col_wise=true`.
[LightGBM] [Info] Total Bins 969
[LightGBM] [Info] Number of data points in the train set: 105000, number of used features: 10
[LightGBM] [Info] [binary:BoostFromScore]: pavg=0.066838 -> initscore=-2.636306
train_model.py:25: FutureWarning: suggest_loguniform has been deprecated in v3.0.0. This feature will be removed in v6.0.0. See https://github.com/optuna/optuna/releases/tag/v3.0.0. Use suggest_float(..., log=True) instead.
  "learning_rate": trial.suggest_loguniform("learning_rate", 0.01, 0.5),
[I 2025-02-04 14:38:27,007] Trial 28 finished with value: 0.8649895802404612 and parameters: {'n_estimators': 150, 'learning_rate': 0.07478591000201586}. Best is trial 11 with value: 0.8661671411639198.
train_model.py:25: FutureWarning: suggest_loguniform has been deprecated in v3.0.0. This feature will be removed in v6.0.0. See https://github.com/optuna/optuna/releases/tag/v3.0.0. Use suggest_float(..., log=True) instead.
  "learning_rate": trial.suggest_loguniform("learning_rate", 0.01, 0.5),
[I 2025-02-04 14:38:28,836] Trial 29 finished with value: 0.8658898118701942 and parameters: {'n_estimators': 250, 'learning_rate': 0.02464861719211473}. Best is trial 11 with value: 0.8661671411639198.
train_model.py:25: FutureWarning: suggest_loguniform has been deprecated in v3.0.0. This feature will be removed in v6.0.0. See https://github.com/optuna/optuna/releases/tag/v3.0.0. Use suggest_float(..., log=True) instead.
  "learning_rate": trial.suggest_loguniform("learning_rate", 0.01, 0.5),
[I 2025-02-04 14:38:29,684] Trial 30 finished with value: 0.8651170147530634 and parameters: {'n_estimators': 100, 'learning_rate': 0.040979252881829686}. Best is trial 11 with value: 0.8661671411639198.
train_model.py:25: FutureWarning: suggest_loguniform has been deprecated in v3.0.0. This feature will be removed in v6.0.0. See https://github.com/optuna/optuna/releases/tag/v3.0.0. Use suggest_float(..., log=True) instead.
  "learning_rate": trial.suggest_loguniform("learning_rate", 0.01, 0.5),
[I 2025-02-04 14:38:31,448] Trial 31 finished with value: 0.8660746518840468 and parameters: {'n_estimators': 250, 'learning_rate': 0.03012324537440592}. Best is trial 11 with value: 0.8661671411639198.
train_model.py:25: FutureWarning: suggest_loguniform has been deprecated in v3.0.0. This feature will be removed in v6.0.0. See https://github.com/optuna/optuna/releases/tag/v3.0.0. Use suggest_float(..., log=True) instead.
  "learning_rate": trial.suggest_loguniform("learning_rate", 0.01, 0.5),
[I 2025-02-04 14:38:33,282] Trial 32 finished with value: 0.8657880439739283 and parameters: {'n_estimators': 250, 'learning_rate': 0.02307250142334041}. Best is trial 11 with value: 0.8661671411639198.
train_model.py:25: FutureWarning: suggest_loguniform has been deprecated in v3.0.0. This feature will be removed in v6.0.0. See https://github.com/optuna/optuna/releases/tag/v3.0.0. Use suggest_float(..., log=True) instead.
  "learning_rate": trial.suggest_loguniform("learning_rate", 0.01, 0.5),
[I 2025-02-04 14:38:34,746] Trial 33 finished with value: 0.865999144372231 and parameters: {'n_estimators': 200, 'learning_rate': 0.032444392352296625}. Best is trial 11 with value: 0.8661671411639198.
train_model.py:25: FutureWarning: suggest_loguniform has been deprecated in v3.0.0. This feature will be removed in v6.0.0. See https://github.com/optuna/optuna/releases/tag/v3.0.0. Use suggest_float(..., log=True) instead.
  "learning_rate": trial.suggest_loguniform("learning_rate", 0.01, 0.5),
[I 2025-02-04 14:38:36,418] Trial 34 finished with value: 0.8625889520052958 and parameters: {'n_estimators': 300, 'learning_rate': 0.07167247707440413}. Best is trial 11 with value: 0.8661671411639198.
train_model.py:25: FutureWarning: suggest_loguniform has been deprecated in v3.0.0. This feature will be removed in v6.0.0. See https://github.com/optuna/optuna/releases/tag/v3.0.0. Use suggest_float(..., log=True) instead.
  "learning_rate": trial.suggest_loguniform("learning_rate", 0.01, 0.5),
[I 2025-02-04 14:38:38,320] Trial 35 finished with value: 0.8650608363725816 and parameters: {'n_estimators': 200, 'learning_rate': 0.020936561145021064}. Best is trial 11 with value: 0.8661671411639198.
train_model.py:25: FutureWarning: suggest_loguniform has been deprecated in v3.0.0. This feature will be removed in v6.0.0. See https://github.com/optuna/optuna/releases/tag/v3.0.0. Use suggest_float(..., log=True) instead.
  "learning_rate": trial.suggest_loguniform("learning_rate", 0.01, 0.5),
[I 2025-02-04 14:38:40,672] Trial 36 finished with value: 0.8585872201341289 and parameters: {'n_estimators': 250, 'learning_rate': 0.13922838757344236}. Best is trial 11 with value: 0.8661671411639198.
train_model.py:25: FutureWarning: suggest_loguniform has been deprecated in v3.0.0. This feature will be removed in v6.0.0. See https://github.com/optuna/optuna/releases/tag/v3.0.0. Use suggest_float(..., log=True) instead.
  "learning_rate": trial.suggest_loguniform("learning_rate", 0.01, 0.5),
[I 2025-02-04 14:38:43,510] Trial 37 finished with value: 0.865417691009027 and parameters: {'n_estimators': 300, 'learning_rate': 0.014927148420038026}. Best is trial 11 with value: 0.8661671411639198.
train_model.py:25: FutureWarning: suggest_loguniform has been deprecated in v3.0.0. This feature will be removed in v6.0.0. See https://github.com/optuna/optuna/releases/tag/v3.0.0. Use suggest_float(..., log=True) instead.
  "learning_rate": trial.suggest_loguniform("learning_rate", 0.01, 0.5),
[I 2025-02-04 14:38:44,948] Trial 38 finished with value: 0.8656724016960677 and parameters: {'n_estimators': 150, 'learning_rate': 0.049990230527842724}. Best is trial 11 with value: 0.8661671411639198.
train_model.py:25: FutureWarning: suggest_loguniform has been deprecated in v3.0.0. This feature will be removed in v6.0.0. See https://github.com/optuna/optuna/releases/tag/v3.0.0. Use suggest_float(..., log=True) instead.
  "learning_rate": trial.suggest_loguniform("learning_rate", 0.01, 0.5),
[I 2025-02-04 14:38:47,559] Trial 39 finished with value: 0.8624816106056676 and parameters: {'n_estimators': 200, 'learning_rate': 0.010631174652891297}. Best is trial 11 with value: 0.8661671411639198.
train_model.py:25: FutureWarning: suggest_loguniform has been deprecated in v3.0.0. This feature will be removed in v6.0.0. See https://github.com/optuna/optuna/releases/tag/v3.0.0. Use suggest_float(..., log=True) instead.
  "learning_rate": trial.suggest_loguniform("learning_rate", 0.01, 0.5),
[I 2025-02-04 14:38:52,945] Trial 40 finished with value: 0.8658708033736416 and parameters: {'n_estimators': 300, 'learning_rate': 0.03104221556433902}. Best is trial 11 with value: 0.8661671411639198.
train_model.py:25: FutureWarning: suggest_loguniform has been deprecated in v3.0.0. This feature will be removed in v6.0.0. See https://github.com/optuna/optuna/releases/tag/v3.0.0. Use suggest_float(..., log=True) instead.
  "learning_rate": trial.suggest_loguniform("learning_rate", 0.01, 0.5),
[I 2025-02-04 14:38:58,219] Trial 41 finished with value: 0.8656026022750534 and parameters: {'n_estimators': 200, 'learning_rate': 0.034676840102686714}. Best is trial 11 with value: 0.8661671411639198.
train_model.py:25: FutureWarning: suggest_loguniform has been deprecated in v3.0.0. This feature will be removed in v6.0.0. See https://github.com/optuna/optuna/releases/tag/v3.0.0. Use suggest_float(..., log=True) instead.
  "learning_rate": trial.suggest_loguniform("learning_rate", 0.01, 0.5),
