[I 2025-02-04 14:35:17,831] A new study created in memory with name: no-name-109913b8-64dc-46f8-94b0-608c95263317
train_model.py:32: FutureWarning: suggest_loguniform has been deprecated in v3.0.0. This feature will be removed in v6.0.0. See https://github.com/optuna/optuna/releases/tag/v3.0.0. Use suggest_float(..., log=True) instead.
  "learning_rate": trial.suggest_loguniform("learning_rate", 0.01, 0.5),
/azureml-envs/azureml_d28e1721401998178dab0f73d072c2c1/lib/python3.8/site-packages/xgboost/core.py:158: UserWarning: [14:35:18] WARNING: /workspace/src/learner.cc:740: 
Parameters: { "use_label_encoder" } are not used.

  warnings.warn(smsg, UserWarning)
[I 2025-02-04 14:35:18,676] Trial 0 finished with value: 0.8485544192751506 and parameters: {'n_estimators': 150, 'learning_rate': 0.3284703423074467}. Best is trial 0 with value: 0.8485544192751506.
train_model.py:32: FutureWarning: suggest_loguniform has been deprecated in v3.0.0. This feature will be removed in v6.0.0. See https://github.com/optuna/optuna/releases/tag/v3.0.0. Use suggest_float(..., log=True) instead.
  "learning_rate": trial.suggest_loguniform("learning_rate", 0.01, 0.5),
/azureml-envs/azureml_d28e1721401998178dab0f73d072c2c1/lib/python3.8/site-packages/xgboost/core.py:158: UserWarning: [14:35:18] WARNING: /workspace/src/learner.cc:740: 
Parameters: { "use_label_encoder" } are not used.

  warnings.warn(smsg, UserWarning)
[I 2025-02-04 14:35:19,021] Trial 1 finished with value: 0.8646994413892919 and parameters: {'n_estimators': 50, 'learning_rate': 0.12178435603869402}. Best is trial 1 with value: 0.8646994413892919.
train_model.py:32: FutureWarning: suggest_loguniform has been deprecated in v3.0.0. This feature will be removed in v6.0.0. See https://github.com/optuna/optuna/releases/tag/v3.0.0. Use suggest_float(..., log=True) instead.
  "learning_rate": trial.suggest_loguniform("learning_rate", 0.01, 0.5),
/azureml-envs/azureml_d28e1721401998178dab0f73d072c2c1/lib/python3.8/site-packages/xgboost/core.py:158: UserWarning: [14:35:19] WARNING: /workspace/src/learner.cc:740: 
Parameters: { "use_label_encoder" } are not used.

  warnings.warn(smsg, UserWarning)
[I 2025-02-04 14:35:20,246] Trial 2 finished with value: 0.8648634045162604 and parameters: {'n_estimators': 250, 'learning_rate': 0.04110535893308172}. Best is trial 2 with value: 0.8648634045162604.
train_model.py:32: FutureWarning: suggest_loguniform has been deprecated in v3.0.0. This feature will be removed in v6.0.0. See https://github.com/optuna/optuna/releases/tag/v3.0.0. Use suggest_float(..., log=True) instead.
  "learning_rate": trial.suggest_loguniform("learning_rate", 0.01, 0.5),
/azureml-envs/azureml_d28e1721401998178dab0f73d072c2c1/lib/python3.8/site-packages/xgboost/core.py:158: UserWarning: [14:35:20] WARNING: /workspace/src/learner.cc:740: 
Parameters: { "use_label_encoder" } are not used.

  warnings.warn(smsg, UserWarning)
[I 2025-02-04 14:35:20,810] Trial 3 finished with value: 0.8611233264606126 and parameters: {'n_estimators': 100, 'learning_rate': 0.024268591008675917}. Best is trial 2 with value: 0.8648634045162604.
train_model.py:32: FutureWarning: suggest_loguniform has been deprecated in v3.0.0. This feature will be removed in v6.0.0. See https://github.com/optuna/optuna/releases/tag/v3.0.0. Use suggest_float(..., log=True) instead.
  "learning_rate": trial.suggest_loguniform("learning_rate", 0.01, 0.5),
/azureml-envs/azureml_d28e1721401998178dab0f73d072c2c1/lib/python3.8/site-packages/xgboost/core.py:158: UserWarning: [14:35:20] WARNING: /workspace/src/learner.cc:740: 
Parameters: { "use_label_encoder" } are not used.

  warnings.warn(smsg, UserWarning)
[I 2025-02-04 14:35:21,734] Trial 4 finished with value: 0.8625397444624712 and parameters: {'n_estimators': 200, 'learning_rate': 0.09498590421963674}. Best is trial 2 with value: 0.8648634045162604.
train_model.py:32: FutureWarning: suggest_loguniform has been deprecated in v3.0.0. This feature will be removed in v6.0.0. See https://github.com/optuna/optuna/releases/tag/v3.0.0. Use suggest_float(..., log=True) instead.
  "learning_rate": trial.suggest_loguniform("learning_rate", 0.01, 0.5),
/azureml-envs/azureml_d28e1721401998178dab0f73d072c2c1/lib/python3.8/site-packages/xgboost/core.py:158: UserWarning: [14:35:21] WARNING: /workspace/src/learner.cc:740: 
Parameters: { "use_label_encoder" } are not used.

  warnings.warn(smsg, UserWarning)
[I 2025-02-04 14:35:22,241] Trial 5 finished with value: 0.8646224850832782 and parameters: {'n_estimators': 100, 'learning_rate': 0.09314826835317433}. Best is trial 2 with value: 0.8648634045162604.
train_model.py:32: FutureWarning: suggest_loguniform has been deprecated in v3.0.0. This feature will be removed in v6.0.0. See https://github.com/optuna/optuna/releases/tag/v3.0.0. Use suggest_float(..., log=True) instead.
  "learning_rate": trial.suggest_loguniform("learning_rate", 0.01, 0.5),
/azureml-envs/azureml_d28e1721401998178dab0f73d072c2c1/lib/python3.8/site-packages/xgboost/core.py:158: UserWarning: [14:35:22] WARNING: /workspace/src/learner.cc:740: 
Parameters: { "use_label_encoder" } are not used.

  warnings.warn(smsg, UserWarning)
[I 2025-02-04 14:35:22,564] Trial 6 finished with value: 0.8496723698384292 and parameters: {'n_estimators': 50, 'learning_rate': 0.013466666285455545}. Best is trial 2 with value: 0.8648634045162604.
train_model.py:32: FutureWarning: suggest_loguniform has been deprecated in v3.0.0. This feature will be removed in v6.0.0. See https://github.com/optuna/optuna/releases/tag/v3.0.0. Use suggest_float(..., log=True) instead.
  "learning_rate": trial.suggest_loguniform("learning_rate", 0.01, 0.5),
/azureml-envs/azureml_d28e1721401998178dab0f73d072c2c1/lib/python3.8/site-packages/xgboost/core.py:158: UserWarning: [14:35:22] WARNING: /workspace/src/learner.cc:740: 
Parameters: { "use_label_encoder" } are not used.

  warnings.warn(smsg, UserWarning)
[I 2025-02-04 14:35:22,868] Trial 7 finished with value: 0.8496272078356869 and parameters: {'n_estimators': 50, 'learning_rate': 0.012886347722411286}. Best is trial 2 with value: 0.8648634045162604.
train_model.py:32: FutureWarning: suggest_loguniform has been deprecated in v3.0.0. This feature will be removed in v6.0.0. See https://github.com/optuna/optuna/releases/tag/v3.0.0. Use suggest_float(..., log=True) instead.
  "learning_rate": trial.suggest_loguniform("learning_rate", 0.01, 0.5),
/azureml-envs/azureml_d28e1721401998178dab0f73d072c2c1/lib/python3.8/site-packages/xgboost/core.py:158: UserWarning: [14:35:22] WARNING: /workspace/src/learner.cc:740: 
Parameters: { "use_label_encoder" } are not used.

  warnings.warn(smsg, UserWarning)
[I 2025-02-04 14:35:23,454] Trial 8 finished with value: 0.8627961810354962 and parameters: {'n_estimators': 100, 'learning_rate': 0.03219503079278024}. Best is trial 2 with value: 0.8648634045162604.
train_model.py:32: FutureWarning: suggest_loguniform has been deprecated in v3.0.0. This feature will be removed in v6.0.0. See https://github.com/optuna/optuna/releases/tag/v3.0.0. Use suggest_float(..., log=True) instead.
  "learning_rate": trial.suggest_loguniform("learning_rate", 0.01, 0.5),
/azureml-envs/azureml_d28e1721401998178dab0f73d072c2c1/lib/python3.8/site-packages/xgboost/core.py:158: UserWarning: [14:35:23] WARNING: /workspace/src/learner.cc:740: 
Parameters: { "use_label_encoder" } are not used.

  warnings.warn(smsg, UserWarning)
[I 2025-02-04 14:35:24,919] Trial 9 finished with value: 0.8625432754035216 and parameters: {'n_estimators': 300, 'learning_rate': 0.010295931322812594}. Best is trial 2 with value: 0.8648634045162604.
train_model.py:32: FutureWarning: suggest_loguniform has been deprecated in v3.0.0. This feature will be removed in v6.0.0. See https://github.com/optuna/optuna/releases/tag/v3.0.0. Use suggest_float(..., log=True) instead.
  "learning_rate": trial.suggest_loguniform("learning_rate", 0.01, 0.5),
/azureml-envs/azureml_d28e1721401998178dab0f73d072c2c1/lib/python3.8/site-packages/xgboost/core.py:158: UserWarning: [14:35:24] WARNING: /workspace/src/learner.cc:740: 
Parameters: { "use_label_encoder" } are not used.

  warnings.warn(smsg, UserWarning)
[I 2025-02-04 14:35:26,243] Trial 10 finished with value: 0.8646297211373595 and parameters: {'n_estimators': 300, 'learning_rate': 0.038869996683732116}. Best is trial 2 with value: 0.8648634045162604.
train_model.py:32: FutureWarning: suggest_loguniform has been deprecated in v3.0.0. This feature will be removed in v6.0.0. See https://github.com/optuna/optuna/releases/tag/v3.0.0. Use suggest_float(..., log=True) instead.
  "learning_rate": trial.suggest_loguniform("learning_rate", 0.01, 0.5),
/azureml-envs/azureml_d28e1721401998178dab0f73d072c2c1/lib/python3.8/site-packages/xgboost/core.py:158: UserWarning: [14:35:26] WARNING: /workspace/src/learner.cc:740: 
Parameters: { "use_label_encoder" } are not used.

  warnings.warn(smsg, UserWarning)
[I 2025-02-04 14:35:27,310] Trial 11 finished with value: 0.844488128976188 and parameters: {'n_estimators': 250, 'learning_rate': 0.27339396994905807}. Best is trial 2 with value: 0.8648634045162604.
train_model.py:32: FutureWarning: suggest_loguniform has been deprecated in v3.0.0. This feature will be removed in v6.0.0. See https://github.com/optuna/optuna/releases/tag/v3.0.0. Use suggest_float(..., log=True) instead.
  "learning_rate": trial.suggest_loguniform("learning_rate", 0.01, 0.5),
/azureml-envs/azureml_d28e1721401998178dab0f73d072c2c1/lib/python3.8/site-packages/xgboost/core.py:158: UserWarning: [14:35:27] WARNING: /workspace/src/learner.cc:740: 
Parameters: { "use_label_encoder" } are not used.

  warnings.warn(smsg, UserWarning)
[I 2025-02-04 14:35:28,173] Trial 12 finished with value: 0.8572893459569806 and parameters: {'n_estimators': 200, 'learning_rate': 0.1578130217304897}. Best is trial 2 with value: 0.8648634045162604.
train_model.py:32: FutureWarning: suggest_loguniform has been deprecated in v3.0.0. This feature will be removed in v6.0.0. See https://github.com/optuna/optuna/releases/tag/v3.0.0. Use suggest_float(..., log=True) instead.
  "learning_rate": trial.suggest_loguniform("learning_rate", 0.01, 0.5),
/azureml-envs/azureml_d28e1721401998178dab0f73d072c2c1/lib/python3.8/site-packages/xgboost/core.py:158: UserWarning: [14:35:28] WARNING: /workspace/src/learner.cc:740: 
Parameters: { "use_label_encoder" } are not used.

  warnings.warn(smsg, UserWarning)
[I 2025-02-04 14:35:29,338] Trial 13 finished with value: 0.8635906823564163 and parameters: {'n_estimators': 250, 'learning_rate': 0.05929173854447949}. Best is trial 2 with value: 0.8648634045162604.
train_model.py:32: FutureWarning: suggest_loguniform has been deprecated in v3.0.0. This feature will be removed in v6.0.0. See https://github.com/optuna/optuna/releases/tag/v3.0.0. Use suggest_float(..., log=True) instead.
  "learning_rate": trial.suggest_loguniform("learning_rate", 0.01, 0.5),
/azureml-envs/azureml_d28e1721401998178dab0f73d072c2c1/lib/python3.8/site-packages/xgboost/core.py:158: UserWarning: [14:35:29] WARNING: /workspace/src/learner.cc:740: 
Parameters: { "use_label_encoder" } are not used.

  warnings.warn(smsg, UserWarning)
[I 2025-02-04 14:35:30,377] Trial 14 finished with value: 0.8538367862558928 and parameters: {'n_estimators': 250, 'learning_rate': 0.1766809451117461}. Best is trial 2 with value: 0.8648634045162604.
train_model.py:32: FutureWarning: suggest_loguniform has been deprecated in v3.0.0. This feature will be removed in v6.0.0. See https://github.com/optuna/optuna/releases/tag/v3.0.0. Use suggest_float(..., log=True) instead.
  "learning_rate": trial.suggest_loguniform("learning_rate", 0.01, 0.5),
/azureml-envs/azureml_d28e1721401998178dab0f73d072c2c1/lib/python3.8/site-packages/xgboost/core.py:158: UserWarning: [14:35:30] WARNING: /workspace/src/learner.cc:740: 
Parameters: { "use_label_encoder" } are not used.

  warnings.warn(smsg, UserWarning)
[I 2025-02-04 14:35:31,115] Trial 15 finished with value: 0.8650730561203653 and parameters: {'n_estimators': 150, 'learning_rate': 0.0572050904590841}. Best is trial 15 with value: 0.8650730561203653.
train_model.py:32: FutureWarning: suggest_loguniform has been deprecated in v3.0.0. This feature will be removed in v6.0.0. See https://github.com/optuna/optuna/releases/tag/v3.0.0. Use suggest_float(..., log=True) instead.
  "learning_rate": trial.suggest_loguniform("learning_rate", 0.01, 0.5),
/azureml-envs/azureml_d28e1721401998178dab0f73d072c2c1/lib/python3.8/site-packages/xgboost/core.py:158: UserWarning: [14:35:31] WARNING: /workspace/src/learner.cc:740: 
Parameters: { "use_label_encoder" } are not used.

  warnings.warn(smsg, UserWarning)
[I 2025-02-04 14:35:31,872] Trial 16 finished with value: 0.8651602410717543 and parameters: {'n_estimators': 150, 'learning_rate': 0.0493474481598493}. Best is trial 16 with value: 0.8651602410717543.
train_model.py:32: FutureWarning: suggest_loguniform has been deprecated in v3.0.0. This feature will be removed in v6.0.0. See https://github.com/optuna/optuna/releases/tag/v3.0.0. Use suggest_float(..., log=True) instead.
  "learning_rate": trial.suggest_loguniform("learning_rate", 0.01, 0.5),
/azureml-envs/azureml_d28e1721401998178dab0f73d072c2c1/lib/python3.8/site-packages/xgboost/core.py:158: UserWarning: [14:35:31] WARNING: /workspace/src/learner.cc:740: 
Parameters: { "use_label_encoder" } are not used.

  warnings.warn(smsg, UserWarning)
[I 2025-02-04 14:35:32,622] Trial 17 finished with value: 0.8648650235239842 and parameters: {'n_estimators': 150, 'learning_rate': 0.05821092064927748}. Best is trial 16 with value: 0.8651602410717543.
train_model.py:32: FutureWarning: suggest_loguniform has been deprecated in v3.0.0. This feature will be removed in v6.0.0. See https://github.com/optuna/optuna/releases/tag/v3.0.0. Use suggest_float(..., log=True) instead.
  "learning_rate": trial.suggest_loguniform("learning_rate", 0.01, 0.5),
/azureml-envs/azureml_d28e1721401998178dab0f73d072c2c1/lib/python3.8/site-packages/xgboost/core.py:158: UserWarning: [14:35:32] WARNING: /workspace/src/learner.cc:740: 
Parameters: { "use_label_encoder" } are not used.

  warnings.warn(smsg, UserWarning)
[I 2025-02-04 14:35:33,391] Trial 18 finished with value: 0.8627693783428354 and parameters: {'n_estimators': 150, 'learning_rate': 0.021430472370356255}. Best is trial 16 with value: 0.8651602410717543.
train_model.py:32: FutureWarning: suggest_loguniform has been deprecated in v3.0.0. This feature will be removed in v6.0.0. See https://github.com/optuna/optuna/releases/tag/v3.0.0. Use suggest_float(..., log=True) instead.
  "learning_rate": trial.suggest_loguniform("learning_rate", 0.01, 0.5),
/azureml-envs/azureml_d28e1721401998178dab0f73d072c2c1/lib/python3.8/site-packages/xgboost/core.py:158: UserWarning: [14:35:33] WARNING: /workspace/src/learner.cc:740: 
Parameters: { "use_label_encoder" } are not used.

  warnings.warn(smsg, UserWarning)
[I 2025-02-04 14:35:34,296] Trial 19 finished with value: 0.8333468580514831 and parameters: {'n_estimators': 200, 'learning_rate': 0.4844286094313116}. Best is trial 16 with value: 0.8651602410717543.
train_model.py:32: FutureWarning: suggest_loguniform has been deprecated in v3.0.0. This feature will be removed in v6.0.0. See https://github.com/optuna/optuna/releases/tag/v3.0.0. Use suggest_float(..., log=True) instead.
  "learning_rate": trial.suggest_loguniform("learning_rate", 0.01, 0.5),
/azureml-envs/azureml_d28e1721401998178dab0f73d072c2c1/lib/python3.8/site-packages/xgboost/core.py:158: UserWarning: [14:35:34] WARNING: /workspace/src/learner.cc:740: 
Parameters: { "use_label_encoder" } are not used.

  warnings.warn(smsg, UserWarning)
[I 2025-02-04 14:35:35,018] Trial 20 finished with value: 0.8647257651090076 and parameters: {'n_estimators': 150, 'learning_rate': 0.0694665312250346}. Best is trial 16 with value: 0.8651602410717543.
train_model.py:32: FutureWarning: suggest_loguniform has been deprecated in v3.0.0. This feature will be removed in v6.0.0. See https://github.com/optuna/optuna/releases/tag/v3.0.0. Use suggest_float(..., log=True) instead.
  "learning_rate": trial.suggest_loguniform("learning_rate", 0.01, 0.5),
/azureml-envs/azureml_d28e1721401998178dab0f73d072c2c1/lib/python3.8/site-packages/xgboost/core.py:158: UserWarning: [14:35:35] WARNING: /workspace/src/learner.cc:740: 
Parameters: { "use_label_encoder" } are not used.

  warnings.warn(smsg, UserWarning)
[I 2025-02-04 14:35:35,781] Trial 21 finished with value: 0.8653685982613709 and parameters: {'n_estimators': 150, 'learning_rate': 0.05414802761234916}. Best is trial 21 with value: 0.8653685982613709.
train_model.py:32: FutureWarning: suggest_loguniform has been deprecated in v3.0.0. This feature will be removed in v6.0.0. See https://github.com/optuna/optuna/releases/tag/v3.0.0. Use suggest_float(..., log=True) instead.
  "learning_rate": trial.suggest_loguniform("learning_rate", 0.01, 0.5),
/azureml-envs/azureml_d28e1721401998178dab0f73d072c2c1/lib/python3.8/site-packages/xgboost/core.py:158: UserWarning: [14:35:35] WARNING: /workspace/src/learner.cc:740: 
Parameters: { "use_label_encoder" } are not used.

  warnings.warn(smsg, UserWarning)
[I 2025-02-04 14:35:36,341] Trial 22 finished with value: 0.8641612974723148 and parameters: {'n_estimators': 100, 'learning_rate': 0.04522837133649457}. Best is trial 21 with value: 0.8653685982613709.
train_model.py:32: FutureWarning: suggest_loguniform has been deprecated in v3.0.0. This feature will be removed in v6.0.0. See https://github.com/optuna/optuna/releases/tag/v3.0.0. Use suggest_float(..., log=True) instead.
  "learning_rate": trial.suggest_loguniform("learning_rate", 0.01, 0.5),
/azureml-envs/azureml_d28e1721401998178dab0f73d072c2c1/lib/python3.8/site-packages/xgboost/core.py:158: UserWarning: [14:35:36] WARNING: /workspace/src/learner.cc:740: 
Parameters: { "use_label_encoder" } are not used.

  warnings.warn(smsg, UserWarning)
[I 2025-02-04 14:35:37,153] Trial 23 finished with value: 0.8641318980337693 and parameters: {'n_estimators': 150, 'learning_rate': 0.029258866515210594}. Best is trial 21 with value: 0.8653685982613709.
train_model.py:32: FutureWarning: suggest_loguniform has been deprecated in v3.0.0. This feature will be removed in v6.0.0. See https://github.com/optuna/optuna/releases/tag/v3.0.0. Use suggest_float(..., log=True) instead.
  "learning_rate": trial.suggest_loguniform("learning_rate", 0.01, 0.5),
/azureml-envs/azureml_d28e1721401998178dab0f73d072c2c1/lib/python3.8/site-packages/xgboost/core.py:158: UserWarning: [14:35:37] WARNING: /workspace/src/learner.cc:740: 
Parameters: { "use_label_encoder" } are not used.

  warnings.warn(smsg, UserWarning)
[I 2025-02-04 14:35:38,039] Trial 24 finished with value: 0.8631522993994802 and parameters: {'n_estimators': 200, 'learning_rate': 0.08812815345733405}. Best is trial 21 with value: 0.8653685982613709.
train_model.py:32: FutureWarning: suggest_loguniform has been deprecated in v3.0.0. This feature will be removed in v6.0.0. See https://github.com/optuna/optuna/releases/tag/v3.0.0. Use suggest_float(..., log=True) instead.
  "learning_rate": trial.suggest_loguniform("learning_rate", 0.01, 0.5),
/azureml-envs/azureml_d28e1721401998178dab0f73d072c2c1/lib/python3.8/site-packages/xgboost/core.py:158: UserWarning: [14:35:38] WARNING: /workspace/src/learner.cc:740: 
Parameters: { "use_label_encoder" } are not used.

  warnings.warn(smsg, UserWarning)
[I 2025-02-04 14:35:38,618] Trial 25 finished with value: 0.8645667698419253 and parameters: {'n_estimators': 100, 'learning_rate': 0.04910977204118408}. Best is trial 21 with value: 0.8653685982613709.
train_model.py:32: FutureWarning: suggest_loguniform has been deprecated in v3.0.0. This feature will be removed in v6.0.0. See https://github.com/optuna/optuna/releases/tag/v3.0.0. Use suggest_float(..., log=True) instead.
  "learning_rate": trial.suggest_loguniform("learning_rate", 0.01, 0.5),
/azureml-envs/azureml_d28e1721401998178dab0f73d072c2c1/lib/python3.8/site-packages/xgboost/core.py:158: UserWarning: [14:35:38] WARNING: /workspace/src/learner.cc:740: 
Parameters: { "use_label_encoder" } are not used.

  warnings.warn(smsg, UserWarning)
[I 2025-02-04 14:35:39,395] Trial 26 finished with value: 0.8611346515977714 and parameters: {'n_estimators': 150, 'learning_rate': 0.016832445043566922}. Best is trial 21 with value: 0.8653685982613709.
train_model.py:32: FutureWarning: suggest_loguniform has been deprecated in v3.0.0. This feature will be removed in v6.0.0. See https://github.com/optuna/optuna/releases/tag/v3.0.0. Use suggest_float(..., log=True) instead.
  "learning_rate": trial.suggest_loguniform("learning_rate", 0.01, 0.5),
/azureml-envs/azureml_d28e1721401998178dab0f73d072c2c1/lib/python3.8/site-packages/xgboost/core.py:158: UserWarning: [14:35:39] WARNING: /workspace/src/learner.cc:740: 
Parameters: { "use_label_encoder" } are not used.

  warnings.warn(smsg, UserWarning)
[I 2025-02-04 14:35:40,296] Trial 27 finished with value: 0.8639143334799333 and parameters: {'n_estimators': 200, 'learning_rate': 0.07618462567470347}. Best is trial 21 with value: 0.8653685982613709.
train_model.py:32: FutureWarning: suggest_loguniform has been deprecated in v3.0.0. This feature will be removed in v6.0.0. See https://github.com/optuna/optuna/releases/tag/v3.0.0. Use suggest_float(..., log=True) instead.
  "learning_rate": trial.suggest_loguniform("learning_rate", 0.01, 0.5),
/azureml-envs/azureml_d28e1721401998178dab0f73d072c2c1/lib/python3.8/site-packages/xgboost/core.py:158: UserWarning: [14:35:40] WARNING: /workspace/src/learner.cc:740: 
Parameters: { "use_label_encoder" } are not used.

  warnings.warn(smsg, UserWarning)
