[I 2025-02-04 14:35:40,807] Trial 28 finished with value: 0.8638170465537003 and parameters: {'n_estimators': 100, 'learning_rate': 0.1251783667815667}. Best is trial 21 with value: 0.8653685982613709.
train_model.py:32: FutureWarning: suggest_loguniform has been deprecated in v3.0.0. This feature will be removed in v6.0.0. See https://github.com/optuna/optuna/releases/tag/v3.0.0. Use suggest_float(..., log=True) instead.
  "learning_rate": trial.suggest_loguniform("learning_rate", 0.01, 0.5),
/azureml-envs/azureml_d28e1721401998178dab0f73d072c2c1/lib/python3.8/site-packages/xgboost/core.py:158: UserWarning: [14:35:40] WARNING: /workspace/src/learner.cc:740: 
Parameters: { "use_label_encoder" } are not used.

  warnings.warn(smsg, UserWarning)
[I 2025-02-04 14:35:41,595] Trial 29 finished with value: 0.8646508988667548 and parameters: {'n_estimators': 150, 'learning_rate': 0.032792590720399695}. Best is trial 21 with value: 0.8653685982613709.
train_model.py:32: FutureWarning: suggest_loguniform has been deprecated in v3.0.0. This feature will be removed in v6.0.0. See https://github.com/optuna/optuna/releases/tag/v3.0.0. Use suggest_float(..., log=True) instead.
  "learning_rate": trial.suggest_loguniform("learning_rate", 0.01, 0.5),
/azureml-envs/azureml_d28e1721401998178dab0f73d072c2c1/lib/python3.8/site-packages/xgboost/core.py:158: UserWarning: [14:35:41] WARNING: /workspace/src/learner.cc:740: 
Parameters: { "use_label_encoder" } are not used.

  warnings.warn(smsg, UserWarning)
[I 2025-02-04 14:35:42,564] Trial 30 finished with value: 0.8647939771899308 and parameters: {'n_estimators': 200, 'learning_rate': 0.05494707234488845}. Best is trial 21 with value: 0.8653685982613709.
train_model.py:32: FutureWarning: suggest_loguniform has been deprecated in v3.0.0. This feature will be removed in v6.0.0. See https://github.com/optuna/optuna/releases/tag/v3.0.0. Use suggest_float(..., log=True) instead.
  "learning_rate": trial.suggest_loguniform("learning_rate", 0.01, 0.5),
/azureml-envs/azureml_d28e1721401998178dab0f73d072c2c1/lib/python3.8/site-packages/xgboost/core.py:158: UserWarning: [14:35:42] WARNING: /workspace/src/learner.cc:740: 
Parameters: { "use_label_encoder" } are not used.

  warnings.warn(smsg, UserWarning)
[I 2025-02-04 14:35:43,294] Trial 31 finished with value: 0.8653245287919584 and parameters: {'n_estimators': 150, 'learning_rate': 0.05964323414959955}. Best is trial 21 with value: 0.8653685982613709.
train_model.py:32: FutureWarning: suggest_loguniform has been deprecated in v3.0.0. This feature will be removed in v6.0.0. See https://github.com/optuna/optuna/releases/tag/v3.0.0. Use suggest_float(..., log=True) instead.
  "learning_rate": trial.suggest_loguniform("learning_rate", 0.01, 0.5),
/azureml-envs/azureml_d28e1721401998178dab0f73d072c2c1/lib/python3.8/site-packages/xgboost/core.py:158: UserWarning: [14:35:43] WARNING: /workspace/src/learner.cc:740: 
Parameters: { "use_label_encoder" } are not used.

  warnings.warn(smsg, UserWarning)
[I 2025-02-04 14:35:44,042] Trial 32 finished with value: 0.8648840755635318 and parameters: {'n_estimators': 150, 'learning_rate': 0.07218142768561728}. Best is trial 21 with value: 0.8653685982613709.
train_model.py:32: FutureWarning: suggest_loguniform has been deprecated in v3.0.0. This feature will be removed in v6.0.0. See https://github.com/optuna/optuna/releases/tag/v3.0.0. Use suggest_float(..., log=True) instead.
  "learning_rate": trial.suggest_loguniform("learning_rate", 0.01, 0.5),
/azureml-envs/azureml_d28e1721401998178dab0f73d072c2c1/lib/python3.8/site-packages/xgboost/core.py:158: UserWarning: [14:35:44] WARNING: /workspace/src/learner.cc:740: 
Parameters: { "use_label_encoder" } are not used.

  warnings.warn(smsg, UserWarning)
[I 2025-02-04 14:35:44,783] Trial 33 finished with value: 0.8622311987997713 and parameters: {'n_estimators': 150, 'learning_rate': 0.1280868356039122}. Best is trial 21 with value: 0.8653685982613709.
train_model.py:32: FutureWarning: suggest_loguniform has been deprecated in v3.0.0. This feature will be removed in v6.0.0. See https://github.com/optuna/optuna/releases/tag/v3.0.0. Use suggest_float(..., log=True) instead.
  "learning_rate": trial.suggest_loguniform("learning_rate", 0.01, 0.5),
/azureml-envs/azureml_d28e1721401998178dab0f73d072c2c1/lib/python3.8/site-packages/xgboost/core.py:158: UserWarning: [14:35:44] WARNING: /workspace/src/learner.cc:740: 
Parameters: { "use_label_encoder" } are not used.

  warnings.warn(smsg, UserWarning)
[I 2025-02-04 14:35:45,347] Trial 34 finished with value: 0.8640155392757183 and parameters: {'n_estimators': 100, 'learning_rate': 0.040530760987038374}. Best is trial 21 with value: 0.8653685982613709.
train_model.py:32: FutureWarning: suggest_loguniform has been deprecated in v3.0.0. This feature will be removed in v6.0.0. See https://github.com/optuna/optuna/releases/tag/v3.0.0. Use suggest_float(..., log=True) instead.
  "learning_rate": trial.suggest_loguniform("learning_rate", 0.01, 0.5),
/azureml-envs/azureml_d28e1721401998178dab0f73d072c2c1/lib/python3.8/site-packages/xgboost/core.py:158: UserWarning: [14:35:45] WARNING: /workspace/src/learner.cc:740: 
Parameters: { "use_label_encoder" } are not used.

  warnings.warn(smsg, UserWarning)
[I 2025-02-04 14:35:46,132] Trial 35 finished with value: 0.863906705538897 and parameters: {'n_estimators': 150, 'learning_rate': 0.026247382629609264}. Best is trial 21 with value: 0.8653685982613709.
train_model.py:32: FutureWarning: suggest_loguniform has been deprecated in v3.0.0. This feature will be removed in v6.0.0. See https://github.com/optuna/optuna/releases/tag/v3.0.0. Use suggest_float(..., log=True) instead.
  "learning_rate": trial.suggest_loguniform("learning_rate", 0.01, 0.5),
/azureml-envs/azureml_d28e1721401998178dab0f73d072c2c1/lib/python3.8/site-packages/xgboost/core.py:158: UserWarning: [14:35:46] WARNING: /workspace/src/learner.cc:740: 
Parameters: { "use_label_encoder" } are not used.

  warnings.warn(smsg, UserWarning)
[I 2025-02-04 14:35:47,161] Trial 36 finished with value: 0.8638980998596997 and parameters: {'n_estimators': 200, 'learning_rate': 0.02039631397431578}. Best is trial 21 with value: 0.8653685982613709.
train_model.py:32: FutureWarning: suggest_loguniform has been deprecated in v3.0.0. This feature will be removed in v6.0.0. See https://github.com/optuna/optuna/releases/tag/v3.0.0. Use suggest_float(..., log=True) instead.
  "learning_rate": trial.suggest_loguniform("learning_rate", 0.01, 0.5),
/azureml-envs/azureml_d28e1721401998178dab0f73d072c2c1/lib/python3.8/site-packages/xgboost/core.py:158: UserWarning: [14:35:47] WARNING: /workspace/src/learner.cc:740: 
Parameters: { "use_label_encoder" } are not used.

  warnings.warn(smsg, UserWarning)
[I 2025-02-04 14:35:47,685] Trial 37 finished with value: 0.864672246809676 and parameters: {'n_estimators': 100, 'learning_rate': 0.10090486437684688}. Best is trial 21 with value: 0.8653685982613709.
train_model.py:32: FutureWarning: suggest_loguniform has been deprecated in v3.0.0. This feature will be removed in v6.0.0. See https://github.com/optuna/optuna/releases/tag/v3.0.0. Use suggest_float(..., log=True) instead.
  "learning_rate": trial.suggest_loguniform("learning_rate", 0.01, 0.5),
/azureml-envs/azureml_d28e1721401998178dab0f73d072c2c1/lib/python3.8/site-packages/xgboost/core.py:158: UserWarning: [14:35:47] WARNING: /workspace/src/learner.cc:740: 
Parameters: { "use_label_encoder" } are not used.

  warnings.warn(smsg, UserWarning)
[I 2025-02-04 14:35:48,010] Trial 38 finished with value: 0.8590889779410871 and parameters: {'n_estimators': 50, 'learning_rate': 0.03800218235299334}. Best is trial 21 with value: 0.8653685982613709.
train_model.py:32: FutureWarning: suggest_loguniform has been deprecated in v3.0.0. This feature will be removed in v6.0.0. See https://github.com/optuna/optuna/releases/tag/v3.0.0. Use suggest_float(..., log=True) instead.
  "learning_rate": trial.suggest_loguniform("learning_rate", 0.01, 0.5),
/azureml-envs/azureml_d28e1721401998178dab0f73d072c2c1/lib/python3.8/site-packages/xgboost/core.py:158: UserWarning: [14:35:48] WARNING: /workspace/src/learner.cc:740: 
Parameters: { "use_label_encoder" } are not used.

  warnings.warn(smsg, UserWarning)
[I 2025-02-04 14:35:48,797] Trial 39 finished with value: 0.8653571306198647 and parameters: {'n_estimators': 150, 'learning_rate': 0.04932201403173093}. Best is trial 21 with value: 0.8653685982613709.
train_model.py:32: FutureWarning: suggest_loguniform has been deprecated in v3.0.0. This feature will be removed in v6.0.0. See https://github.com/optuna/optuna/releases/tag/v3.0.0. Use suggest_float(..., log=True) instead.
  "learning_rate": trial.suggest_loguniform("learning_rate", 0.01, 0.5),
/azureml-envs/azureml_d28e1721401998178dab0f73d072c2c1/lib/python3.8/site-packages/xgboost/core.py:158: UserWarning: [14:35:48] WARNING: /workspace/src/learner.cc:740: 
Parameters: { "use_label_encoder" } are not used.

  warnings.warn(smsg, UserWarning)
[I 2025-02-04 14:35:49,415] Trial 40 finished with value: 0.8646233401093624 and parameters: {'n_estimators': 100, 'learning_rate': 0.0477905896825689}. Best is trial 21 with value: 0.8653685982613709.
train_model.py:32: FutureWarning: suggest_loguniform has been deprecated in v3.0.0. This feature will be removed in v6.0.0. See https://github.com/optuna/optuna/releases/tag/v3.0.0. Use suggest_float(..., log=True) instead.
  "learning_rate": trial.suggest_loguniform("learning_rate", 0.01, 0.5),
/azureml-envs/azureml_d28e1721401998178dab0f73d072c2c1/lib/python3.8/site-packages/xgboost/core.py:158: UserWarning: [14:35:49] WARNING: /workspace/src/learner.cc:740: 
Parameters: { "use_label_encoder" } are not used.

  warnings.warn(smsg, UserWarning)
[I 2025-02-04 14:35:50,140] Trial 41 finished with value: 0.8652650530192175 and parameters: {'n_estimators': 150, 'learning_rate': 0.0634917301660201}. Best is trial 21 with value: 0.8653685982613709.
train_model.py:32: FutureWarning: suggest_loguniform has been deprecated in v3.0.0. This feature will be removed in v6.0.0. See https://github.com/optuna/optuna/releases/tag/v3.0.0. Use suggest_float(..., log=True) instead.
  "learning_rate": trial.suggest_loguniform("learning_rate", 0.01, 0.5),
/azureml-envs/azureml_d28e1721401998178dab0f73d072c2c1/lib/python3.8/site-packages/xgboost/core.py:158: UserWarning: [14:35:50] WARNING: /workspace/src/learner.cc:740: 
Parameters: { "use_label_encoder" } are not used.

  warnings.warn(smsg, UserWarning)
[I 2025-02-04 14:35:50,878] Trial 42 finished with value: 0.8650436368895493 and parameters: {'n_estimators': 150, 'learning_rate': 0.0693526745764602}. Best is trial 21 with value: 0.8653685982613709.
train_model.py:32: FutureWarning: suggest_loguniform has been deprecated in v3.0.0. This feature will be removed in v6.0.0. See https://github.com/optuna/optuna/releases/tag/v3.0.0. Use suggest_float(..., log=True) instead.
  "learning_rate": trial.suggest_loguniform("learning_rate", 0.01, 0.5),
/azureml-envs/azureml_d28e1721401998178dab0f73d072c2c1/lib/python3.8/site-packages/xgboost/core.py:158: UserWarning: [14:35:50] WARNING: /workspace/src/learner.cc:740: 
Parameters: { "use_label_encoder" } are not used.

  warnings.warn(smsg, UserWarning)
[I 2025-02-04 14:35:51,695] Trial 43 finished with value: 0.8648566474351244 and parameters: {'n_estimators': 150, 'learning_rate': 0.03518360712738726}. Best is trial 21 with value: 0.8653685982613709.
train_model.py:32: FutureWarning: suggest_loguniform has been deprecated in v3.0.0. This feature will be removed in v6.0.0. See https://github.com/optuna/optuna/releases/tag/v3.0.0. Use suggest_float(..., log=True) instead.
  "learning_rate": trial.suggest_loguniform("learning_rate", 0.01, 0.5),
/azureml-envs/azureml_d28e1721401998178dab0f73d072c2c1/lib/python3.8/site-packages/xgboost/core.py:158: UserWarning: [14:35:51] WARNING: /workspace/src/learner.cc:740: 
Parameters: { "use_label_encoder" } are not used.

  warnings.warn(smsg, UserWarning)
[I 2025-02-04 14:35:52,604] Trial 44 finished with value: 0.863506636459123 and parameters: {'n_estimators': 200, 'learning_rate': 0.08691194765997486}. Best is trial 21 with value: 0.8653685982613709.
train_model.py:32: FutureWarning: suggest_loguniform has been deprecated in v3.0.0. This feature will be removed in v6.0.0. See https://github.com/optuna/optuna/releases/tag/v3.0.0. Use suggest_float(..., log=True) instead.
  "learning_rate": trial.suggest_loguniform("learning_rate", 0.01, 0.5),
/azureml-envs/azureml_d28e1721401998178dab0f73d072c2c1/lib/python3.8/site-packages/xgboost/core.py:158: UserWarning: [14:35:52] WARNING: /workspace/src/learner.cc:740: 
Parameters: { "use_label_encoder" } are not used.

  warnings.warn(smsg, UserWarning)
[I 2025-02-04 14:35:53,305] Trial 45 finished with value: 0.8639965070284411 and parameters: {'n_estimators': 150, 'learning_rate': 0.10179058364530427}. Best is trial 21 with value: 0.8653685982613709.
train_model.py:32: FutureWarning: suggest_loguniform has been deprecated in v3.0.0. This feature will be removed in v6.0.0. See https://github.com/optuna/optuna/releases/tag/v3.0.0. Use suggest_float(..., log=True) instead.
  "learning_rate": trial.suggest_loguniform("learning_rate", 0.01, 0.5),
/azureml-envs/azureml_d28e1721401998178dab0f73d072c2c1/lib/python3.8/site-packages/xgboost/core.py:158: UserWarning: [14:35:53] WARNING: /workspace/src/learner.cc:740: 
Parameters: { "use_label_encoder" } are not used.

  warnings.warn(smsg, UserWarning)
[I 2025-02-04 14:35:53,871] Trial 46 finished with value: 0.8643022936486383 and parameters: {'n_estimators': 100, 'learning_rate': 0.04492589560167834}. Best is trial 21 with value: 0.8653685982613709.
train_model.py:32: FutureWarning: suggest_loguniform has been deprecated in v3.0.0. This feature will be removed in v6.0.0. See https://github.com/optuna/optuna/releases/tag/v3.0.0. Use suggest_float(..., log=True) instead.
  "learning_rate": trial.suggest_loguniform("learning_rate", 0.01, 0.5),
/azureml-envs/azureml_d28e1721401998178dab0f73d072c2c1/lib/python3.8/site-packages/xgboost/core.py:158: UserWarning: [14:35:53] WARNING: /workspace/src/learner.cc:740: 
Parameters: { "use_label_encoder" } are not used.

  warnings.warn(smsg, UserWarning)
[I 2025-02-04 14:35:54,773] Trial 47 finished with value: 0.8639557903696449 and parameters: {'n_estimators': 200, 'learning_rate': 0.06559595812792388}. Best is trial 21 with value: 0.8653685982613709.
train_model.py:32: FutureWarning: suggest_loguniform has been deprecated in v3.0.0. This feature will be removed in v6.0.0. See https://github.com/optuna/optuna/releases/tag/v3.0.0. Use suggest_float(..., log=True) instead.
  "learning_rate": trial.suggest_loguniform("learning_rate", 0.01, 0.5),
/azureml-envs/azureml_d28e1721401998178dab0f73d072c2c1/lib/python3.8/site-packages/xgboost/core.py:158: UserWarning: [14:35:54] WARNING: /workspace/src/learner.cc:740: 
Parameters: { "use_label_encoder" } are not used.

  warnings.warn(smsg, UserWarning)
[I 2025-02-04 14:35:55,510] Trial 48 finished with value: 0.8654949441990977 and parameters: {'n_estimators': 150, 'learning_rate': 0.05146393777353668}. Best is trial 48 with value: 0.8654949441990977.
train_model.py:32: FutureWarning: suggest_loguniform has been deprecated in v3.0.0. This feature will be removed in v6.0.0. See https://github.com/optuna/optuna/releases/tag/v3.0.0. Use suggest_float(..., log=True) instead.
  "learning_rate": trial.suggest_loguniform("learning_rate", 0.01, 0.5),
/azureml-envs/azureml_d28e1721401998178dab0f73d072c2c1/lib/python3.8/site-packages/xgboost/core.py:158: UserWarning: [14:35:55] WARNING: /workspace/src/learner.cc:740: 
Parameters: { "use_label_encoder" } are not used.

  warnings.warn(smsg, UserWarning)
[I 2025-02-04 14:35:55,993] Trial 49 finished with value: 0.8624978600597175 and parameters: {'n_estimators': 100, 'learning_rate': 0.15318077388512277}. Best is trial 48 with value: 0.8654949441990977.
Index(['SeriousDlqin2yrs', 'RevolvingUtilizationOfUnsecuredLines', 'age',
       'NumberOfTime30-59DaysPastDueNotWorse', 'DebtRatio', 'MonthlyIncome',
       'NumberOfOpenCreditLinesAndLoans', 'NumberOfTimes90DaysLate',
       'NumberRealEstateLoansOrLines', 'NumberOfTime60-89DaysPastDueNotWorse',
       'NumberOfDependents', 'age_cat'],
      dtype='object')
Index(['SeriousDlqin2yrs', 'RevolvingUtilizationOfUnsecuredLines', 'age',
       'NumberOfTime30-59DaysPastDueNotWorse', 'DebtRatio', 'MonthlyIncome',
       'NumberOfOpenCreditLinesAndLoans', 'NumberOfTimes90DaysLate',
       'NumberRealEstateLoansOrLines', 'NumberOfTime60-89DaysPastDueNotWorse',
       'NumberOfDependents'],
      dtype='object')

======================= Résultat =======================
✅ Meilleurs paramètres : {'n_estimators': 150, 'learning_rate': 0.05146393777353668}
✅ Meilleur AUC : 0.8654949441990977
✅ Meilleur F1-score : 0.2810755961440893
========================================================
