[I 2025-02-04 14:41:40,793] Trial 46 finished with value: 0.8212021823495761 and parameters: {'C': 0.04487418565733887}. Best is trial 36 with value: 0.8380535510119962.
train_model.py:45: FutureWarning: suggest_loguniform has been deprecated in v3.0.0. This feature will be removed in v6.0.0. See https://github.com/optuna/optuna/releases/tag/v3.0.0. Use suggest_float(..., log=True) instead.
  "C": trial.suggest_loguniform("C", 0.01, 10),
[I 2025-02-04 14:41:43,943] Trial 47 finished with value: 0.8090733365055858 and parameters: {'C': 0.14673814461136064}. Best is trial 36 with value: 0.8380535510119962.
train_model.py:45: FutureWarning: suggest_loguniform has been deprecated in v3.0.0. This feature will be removed in v6.0.0. See https://github.com/optuna/optuna/releases/tag/v3.0.0. Use suggest_float(..., log=True) instead.
  "C": trial.suggest_loguniform("C", 0.01, 10),
/azureml-envs/azureml_d28e1721401998178dab0f73d072c2c1/lib/python3.8/site-packages/sklearn/linear_model/_logistic.py:814: ConvergenceWarning: lbfgs failed to converge (status=1):
STOP: TOTAL NO. of ITERATIONS REACHED LIMIT.

Increase the number of iterations (max_iter) or scale the data as shown in:
    https://scikit-learn.org/stable/modules/preprocessing.html
Please also refer to the documentation for alternative solver options:
    https://scikit-learn.org/stable/modules/linear_model.html#logistic-regression
  n_iter_i = _check_optimize_result(
[I 2025-02-04 14:41:51,661] Trial 48 finished with value: 0.8333383038321889 and parameters: {'C': 0.09816031925953855}. Best is trial 36 with value: 0.8380535510119962.
train_model.py:45: FutureWarning: suggest_loguniform has been deprecated in v3.0.0. This feature will be removed in v6.0.0. See https://github.com/optuna/optuna/releases/tag/v3.0.0. Use suggest_float(..., log=True) instead.
  "C": trial.suggest_loguniform("C", 0.01, 10),
[I 2025-02-04 14:41:55,251] Trial 49 finished with value: 0.8214548188066724 and parameters: {'C': 0.21835378042645368}. Best is trial 36 with value: 0.8380535510119962.
/azureml-envs/azureml_d28e1721401998178dab0f73d072c2c1/lib/python3.8/site-packages/sklearn/linear_model/_logistic.py:814: ConvergenceWarning: lbfgs failed to converge (status=1):
STOP: TOTAL NO. of ITERATIONS REACHED LIMIT.

Increase the number of iterations (max_iter) or scale the data as shown in:
    https://scikit-learn.org/stable/modules/preprocessing.html
Please also refer to the documentation for alternative solver options:
    https://scikit-learn.org/stable/modules/linear_model.html#logistic-regression
  n_iter_i = _check_optimize_result(
Index(['SeriousDlqin2yrs', 'RevolvingUtilizationOfUnsecuredLines', 'age',
       'NumberOfTime30-59DaysPastDueNotWorse', 'DebtRatio', 'MonthlyIncome',
       'NumberOfOpenCreditLinesAndLoans', 'NumberOfTimes90DaysLate',
       'NumberRealEstateLoansOrLines', 'NumberOfTime60-89DaysPastDueNotWorse',
       'NumberOfDependents', 'age_cat'],
      dtype='object')
Index(['SeriousDlqin2yrs', 'RevolvingUtilizationOfUnsecuredLines', 'age',
       'NumberOfTime30-59DaysPastDueNotWorse', 'DebtRatio', 'MonthlyIncome',
       'NumberOfOpenCreditLinesAndLoans', 'NumberOfTimes90DaysLate',
       'NumberRealEstateLoansOrLines', 'NumberOfTime60-89DaysPastDueNotWorse',
       'NumberOfDependents'],
      dtype='object')

======================= Résultat =======================
✅ Meilleurs paramètres : {'C': 0.07902204044473747}
✅ Meilleur AUC : 0.8380535510119962
✅ Meilleur F1-score : 0.2082994304312449
========================================================
