[I 2025-02-04 14:38:46,154] A new study created in memory with name: no-name-94f5f996-5761-48d1-acc8-ed5455e79563
train_model.py:45: FutureWarning: suggest_loguniform has been deprecated in v3.0.0. This feature will be removed in v6.0.0. See https://github.com/optuna/optuna/releases/tag/v3.0.0. Use suggest_float(..., log=True) instead.
  "C": trial.suggest_loguniform("C", 0.01, 10),
/azureml-envs/azureml_d28e1721401998178dab0f73d072c2c1/lib/python3.8/site-packages/sklearn/linear_model/_logistic.py:814: ConvergenceWarning: lbfgs failed to converge (status=1):
STOP: TOTAL NO. of ITERATIONS REACHED LIMIT.

Increase the number of iterations (max_iter) or scale the data as shown in:
    https://scikit-learn.org/stable/modules/preprocessing.html
Please also refer to the documentation for alternative solver options:
    https://scikit-learn.org/stable/modules/linear_model.html#logistic-regression
  n_iter_i = _check_optimize_result(
[I 2025-02-04 14:38:55,550] Trial 0 finished with value: 0.8314924529380976 and parameters: {'C': 0.940930639311749}. Best is trial 0 with value: 0.8314924529380976.
train_model.py:45: FutureWarning: suggest_loguniform has been deprecated in v3.0.0. This feature will be removed in v6.0.0. See https://github.com/optuna/optuna/releases/tag/v3.0.0. Use suggest_float(..., log=True) instead.
  "C": trial.suggest_loguniform("C", 0.01, 10),
[I 2025-02-04 14:39:03,066] Trial 1 finished with value: 0.8322349639229659 and parameters: {'C': 0.13002764285097143}. Best is trial 1 with value: 0.8322349639229659.
train_model.py:45: FutureWarning: suggest_loguniform has been deprecated in v3.0.0. This feature will be removed in v6.0.0. See https://github.com/optuna/optuna/releases/tag/v3.0.0. Use suggest_float(..., log=True) instead.
  "C": trial.suggest_loguniform("C", 0.01, 10),
[I 2025-02-04 14:39:09,839] Trial 2 finished with value: 0.8224832251799228 and parameters: {'C': 4.7983703903394614}. Best is trial 1 with value: 0.8322349639229659.
train_model.py:45: FutureWarning: suggest_loguniform has been deprecated in v3.0.0. This feature will be removed in v6.0.0. See https://github.com/optuna/optuna/releases/tag/v3.0.0. Use suggest_float(..., log=True) instead.
  "C": trial.suggest_loguniform("C", 0.01, 10),
[I 2025-02-04 14:39:12,879] Trial 3 finished with value: 0.8100472587167059 and parameters: {'C': 0.014179136656153328}. Best is trial 1 with value: 0.8322349639229659.
train_model.py:45: FutureWarning: suggest_loguniform has been deprecated in v3.0.0. This feature will be removed in v6.0.0. See https://github.com/optuna/optuna/releases/tag/v3.0.0. Use suggest_float(..., log=True) instead.
  "C": trial.suggest_loguniform("C", 0.01, 10),
[I 2025-02-04 14:39:20,046] Trial 4 finished with value: 0.8213916735469876 and parameters: {'C': 0.021240286179060257}. Best is trial 1 with value: 0.8322349639229659.
train_model.py:45: FutureWarning: suggest_loguniform has been deprecated in v3.0.0. This feature will be removed in v6.0.0. See https://github.com/optuna/optuna/releases/tag/v3.0.0. Use suggest_float(..., log=True) instead.
  "C": trial.suggest_loguniform("C", 0.01, 10),
[I 2025-02-04 14:39:22,818] Trial 5 finished with value: 0.8114084919100598 and parameters: {'C': 0.4790010890313592}. Best is trial 1 with value: 0.8322349639229659.
train_model.py:45: FutureWarning: suggest_loguniform has been deprecated in v3.0.0. This feature will be removed in v6.0.0. See https://github.com/optuna/optuna/releases/tag/v3.0.0. Use suggest_float(..., log=True) instead.
  "C": trial.suggest_loguniform("C", 0.01, 10),
[I 2025-02-04 14:39:28,550] Trial 6 finished with value: 0.8212674730913792 and parameters: {'C': 0.058263697933330305}. Best is trial 1 with value: 0.8322349639229659.
train_model.py:45: FutureWarning: suggest_loguniform has been deprecated in v3.0.0. This feature will be removed in v6.0.0. See https://github.com/optuna/optuna/releases/tag/v3.0.0. Use suggest_float(..., log=True) instead.
  "C": trial.suggest_loguniform("C", 0.01, 10),
[I 2025-02-04 14:39:35,143] Trial 7 finished with value: 0.8214676996162895 and parameters: {'C': 1.3729099675275591}. Best is trial 1 with value: 0.8322349639229659.
train_model.py:45: FutureWarning: suggest_loguniform has been deprecated in v3.0.0. This feature will be removed in v6.0.0. See https://github.com/optuna/optuna/releases/tag/v3.0.0. Use suggest_float(..., log=True) instead.
  "C": trial.suggest_loguniform("C", 0.01, 10),
[I 2025-02-04 14:39:37,759] Trial 8 finished with value: 0.8113597633401803 and parameters: {'C': 0.1861578243821934}. Best is trial 1 with value: 0.8322349639229659.
train_model.py:45: FutureWarning: suggest_loguniform has been deprecated in v3.0.0. This feature will be removed in v6.0.0. See https://github.com/optuna/optuna/releases/tag/v3.0.0. Use suggest_float(..., log=True) instead.
  "C": trial.suggest_loguniform("C", 0.01, 10),
[I 2025-02-04 14:39:41,857] Trial 9 finished with value: 0.8114451551118652 and parameters: {'C': 0.42665944758002944}. Best is trial 1 with value: 0.8322349639229659.
train_model.py:45: FutureWarning: suggest_loguniform has been deprecated in v3.0.0. This feature will be removed in v6.0.0. See https://github.com/optuna/optuna/releases/tag/v3.0.0. Use suggest_float(..., log=True) instead.
  "C": trial.suggest_loguniform("C", 0.01, 10),
[I 2025-02-04 14:39:45,411] Trial 10 finished with value: 0.8112914087549098 and parameters: {'C': 0.10294611152540557}. Best is trial 1 with value: 0.8322349639229659.
train_model.py:45: FutureWarning: suggest_loguniform has been deprecated in v3.0.0. This feature will be removed in v6.0.0. See https://github.com/optuna/optuna/releases/tag/v3.0.0. Use suggest_float(..., log=True) instead.
  "C": trial.suggest_loguniform("C", 0.01, 10),
[I 2025-02-04 14:39:49,880] Trial 11 finished with value: 0.8114372223698637 and parameters: {'C': 1.7402637574684763}. Best is trial 1 with value: 0.8322349639229659.
train_model.py:45: FutureWarning: suggest_loguniform has been deprecated in v3.0.0. This feature will be removed in v6.0.0. See https://github.com/optuna/optuna/releases/tag/v3.0.0. Use suggest_float(..., log=True) instead.
  "C": trial.suggest_loguniform("C", 0.01, 10),
[I 2025-02-04 14:39:56,102] Trial 12 finished with value: 0.8225312491449739 and parameters: {'C': 1.104682488169214}. Best is trial 1 with value: 0.8322349639229659.
train_model.py:45: FutureWarning: suggest_loguniform has been deprecated in v3.0.0. This feature will be removed in v6.0.0. See https://github.com/optuna/optuna/releases/tag/v3.0.0. Use suggest_float(..., log=True) instead.
  "C": trial.suggest_loguniform("C", 0.01, 10),
[I 2025-02-04 14:40:00,148] Trial 13 finished with value: 0.8213267311491449 and parameters: {'C': 6.681177765990495}. Best is trial 1 with value: 0.8322349639229659.
train_model.py:45: FutureWarning: suggest_loguniform has been deprecated in v3.0.0. This feature will be removed in v6.0.0. See https://github.com/optuna/optuna/releases/tag/v3.0.0. Use suggest_float(..., log=True) instead.
  "C": trial.suggest_loguniform("C", 0.01, 10),
[I 2025-02-04 14:40:05,301] Trial 14 finished with value: 0.8213586917074883 and parameters: {'C': 0.05248674010717872}. Best is trial 1 with value: 0.8322349639229659.
train_model.py:45: FutureWarning: suggest_loguniform has been deprecated in v3.0.0. This feature will be removed in v6.0.0. See https://github.com/optuna/optuna/releases/tag/v3.0.0. Use suggest_float(..., log=True) instead.
  "C": trial.suggest_loguniform("C", 0.01, 10),
[I 2025-02-04 14:40:12,039] Trial 15 finished with value: 0.8376269563313478 and parameters: {'C': 0.22062212957789853}. Best is trial 15 with value: 0.8376269563313478.
train_model.py:45: FutureWarning: suggest_loguniform has been deprecated in v3.0.0. This feature will be removed in v6.0.0. See https://github.com/optuna/optuna/releases/tag/v3.0.0. Use suggest_float(..., log=True) instead.
  "C": trial.suggest_loguniform("C", 0.01, 10),
[I 2025-02-04 14:40:15,863] Trial 16 finished with value: 0.8269300733384373 and parameters: {'C': 0.18332731442107006}. Best is trial 15 with value: 0.8376269563313478.
train_model.py:45: FutureWarning: suggest_loguniform has been deprecated in v3.0.0. This feature will be removed in v6.0.0. See https://github.com/optuna/optuna/releases/tag/v3.0.0. Use suggest_float(..., log=True) instead.
  "C": trial.suggest_loguniform("C", 0.01, 10),
[I 2025-02-04 14:40:19,578] Trial 17 finished with value: 0.8236569068183707 and parameters: {'C': 0.03738099065466822}. Best is trial 15 with value: 0.8376269563313478.
train_model.py:45: FutureWarning: suggest_loguniform has been deprecated in v3.0.0. This feature will be removed in v6.0.0. See https://github.com/optuna/optuna/releases/tag/v3.0.0. Use suggest_float(..., log=True) instead.
  "C": trial.suggest_loguniform("C", 0.01, 10),
[I 2025-02-04 14:40:21,575] Trial 18 finished with value: 0.8108871476722516 and parameters: {'C': 0.12087715138928666}. Best is trial 15 with value: 0.8376269563313478.
train_model.py:45: FutureWarning: suggest_loguniform has been deprecated in v3.0.0. This feature will be removed in v6.0.0. See https://github.com/optuna/optuna/releases/tag/v3.0.0. Use suggest_float(..., log=True) instead.
  "C": trial.suggest_loguniform("C", 0.01, 10),
[I 2025-02-04 14:40:24,500] Trial 19 finished with value: 0.822453251765534 and parameters: {'C': 0.28565462678774356}. Best is trial 15 with value: 0.8376269563313478.
train_model.py:45: FutureWarning: suggest_loguniform has been deprecated in v3.0.0. This feature will be removed in v6.0.0. See https://github.com/optuna/optuna/releases/tag/v3.0.0. Use suggest_float(..., log=True) instead.
  "C": trial.suggest_loguniform("C", 0.01, 10),
[I 2025-02-04 14:40:26,501] Trial 20 finished with value: 0.8203208087951404 and parameters: {'C': 2.6856185595575086}. Best is trial 15 with value: 0.8376269563313478.
train_model.py:45: FutureWarning: suggest_loguniform has been deprecated in v3.0.0. This feature will be removed in v6.0.0. See https://github.com/optuna/optuna/releases/tag/v3.0.0. Use suggest_float(..., log=True) instead.
  "C": trial.suggest_loguniform("C", 0.01, 10),
[I 2025-02-04 14:40:28,739] Trial 21 finished with value: 0.8214324772917738 and parameters: {'C': 0.7107048983737111}. Best is trial 15 with value: 0.8376269563313478.
train_model.py:45: FutureWarning: suggest_loguniform has been deprecated in v3.0.0. This feature will be removed in v6.0.0. See https://github.com/optuna/optuna/releases/tag/v3.0.0. Use suggest_float(..., log=True) instead.
  "C": trial.suggest_loguniform("C", 0.01, 10),
[I 2025-02-04 14:40:29,742] Trial 22 finished with value: 0.8039045771573005 and parameters: {'C': 0.6709002512274717}. Best is trial 15 with value: 0.8376269563313478.
train_model.py:45: FutureWarning: suggest_loguniform has been deprecated in v3.0.0. This feature will be removed in v6.0.0. See https://github.com/optuna/optuna/releases/tag/v3.0.0. Use suggest_float(..., log=True) instead.
  "C": trial.suggest_loguniform("C", 0.01, 10),
[I 2025-02-04 14:40:33,137] Trial 23 finished with value: 0.8226165617475771 and parameters: {'C': 0.28396745166015835}. Best is trial 15 with value: 0.8376269563313478.
train_model.py:45: FutureWarning: suggest_loguniform has been deprecated in v3.0.0. This feature will be removed in v6.0.0. See https://github.com/optuna/optuna/releases/tag/v3.0.0. Use suggest_float(..., log=True) instead.
  "C": trial.suggest_loguniform("C", 0.01, 10),
[I 2025-02-04 14:40:34,240] Trial 24 finished with value: 0.8036910264759143 and parameters: {'C': 0.08796350372732531}. Best is trial 15 with value: 0.8376269563313478.
train_model.py:45: FutureWarning: suggest_loguniform has been deprecated in v3.0.0. This feature will be removed in v6.0.0. See https://github.com/optuna/optuna/releases/tag/v3.0.0. Use suggest_float(..., log=True) instead.
  "C": trial.suggest_loguniform("C", 0.01, 10),
[I 2025-02-04 14:40:35,795] Trial 25 finished with value: 0.8114380378114068 and parameters: {'C': 2.8484983458495994}. Best is trial 15 with value: 0.8376269563313478.
train_model.py:45: FutureWarning: suggest_loguniform has been deprecated in v3.0.0. This feature will be removed in v6.0.0. See https://github.com/optuna/optuna/releases/tag/v3.0.0. Use suggest_float(..., log=True) instead.
  "C": trial.suggest_loguniform("C", 0.01, 10),
[I 2025-02-04 14:40:38,110] Trial 26 finished with value: 0.8216366939384097 and parameters: {'C': 0.18635424312169668}. Best is trial 15 with value: 0.8376269563313478.
train_model.py:45: FutureWarning: suggest_loguniform has been deprecated in v3.0.0. This feature will be removed in v6.0.0. See https://github.com/optuna/optuna/releases/tag/v3.0.0. Use suggest_float(..., log=True) instead.
  "C": trial.suggest_loguniform("C", 0.01, 10),
[I 2025-02-04 14:40:41,003] Trial 27 finished with value: 0.8376686863543917 and parameters: {'C': 0.028299100983341773}. Best is trial 27 with value: 0.8376686863543917.
train_model.py:45: FutureWarning: suggest_loguniform has been deprecated in v3.0.0. This feature will be removed in v6.0.0. See https://github.com/optuna/optuna/releases/tag/v3.0.0. Use suggest_float(..., log=True) instead.
  "C": trial.suggest_loguniform("C", 0.01, 10),
[I 2025-02-04 14:40:42,974] Trial 28 finished with value: 0.8203497292607406 and parameters: {'C': 0.010040776903755303}. Best is trial 27 with value: 0.8376686863543917.
train_model.py:45: FutureWarning: suggest_loguniform has been deprecated in v3.0.0. This feature will be removed in v6.0.0. See https://github.com/optuna/optuna/releases/tag/v3.0.0. Use suggest_float(..., log=True) instead.
  "C": trial.suggest_loguniform("C", 0.01, 10),
[I 2025-02-04 14:40:47,098] Trial 29 finished with value: 0.8212597936904394 and parameters: {'C': 0.02740859280838491}. Best is trial 27 with value: 0.8376686863543917.
train_model.py:45: FutureWarning: suggest_loguniform has been deprecated in v3.0.0. This feature will be removed in v6.0.0. See https://github.com/optuna/optuna/releases/tag/v3.0.0. Use suggest_float(..., log=True) instead.
  "C": trial.suggest_loguniform("C", 0.01, 10),
[I 2025-02-04 14:40:49,160] Trial 30 finished with value: 0.8111162709120379 and parameters: {'C': 0.058934919140165236}. Best is trial 27 with value: 0.8376686863543917.
train_model.py:45: FutureWarning: suggest_loguniform has been deprecated in v3.0.0. This feature will be removed in v6.0.0. See https://github.com/optuna/optuna/releases/tag/v3.0.0. Use suggest_float(..., log=True) instead.
  "C": trial.suggest_loguniform("C", 0.01, 10),
[I 2025-02-04 14:40:51,006] Trial 31 finished with value: 0.8114568325514382 and parameters: {'C': 0.9210826112689054}. Best is trial 27 with value: 0.8376686863543917.
train_model.py:45: FutureWarning: suggest_loguniform has been deprecated in v3.0.0. This feature will be removed in v6.0.0. See https://github.com/optuna/optuna/releases/tag/v3.0.0. Use suggest_float(..., log=True) instead.
  "C": trial.suggest_loguniform("C", 0.01, 10),
[I 2025-02-04 14:40:52,942] Trial 32 finished with value: 0.8208082844997324 and parameters: {'C': 0.016326719475673483}. Best is trial 27 with value: 0.8376686863543917.
train_model.py:45: FutureWarning: suggest_loguniform has been deprecated in v3.0.0. This feature will be removed in v6.0.0. See https://github.com/optuna/optuna/releases/tag/v3.0.0. Use suggest_float(..., log=True) instead.
  "C": trial.suggest_loguniform("C", 0.01, 10),
[I 2025-02-04 14:40:55,134] Trial 33 finished with value: 0.8230849418696264 and parameters: {'C': 0.43025422399940905}. Best is trial 27 with value: 0.8376686863543917.
train_model.py:45: FutureWarning: suggest_loguniform has been deprecated in v3.0.0. This feature will be removed in v6.0.0. See https://github.com/optuna/optuna/releases/tag/v3.0.0. Use suggest_float(..., log=True) instead.
  "C": trial.suggest_loguniform("C", 0.01, 10),
[I 2025-02-04 14:40:56,449] Trial 34 finished with value: 0.8106368071185291 and parameters: {'C': 0.029052632766111173}. Best is trial 27 with value: 0.8376686863543917.
train_model.py:45: FutureWarning: suggest_loguniform has been deprecated in v3.0.0. This feature will be removed in v6.0.0. See https://github.com/optuna/optuna/releases/tag/v3.0.0. Use suggest_float(..., log=True) instead.
  "C": trial.suggest_loguniform("C", 0.01, 10),
[I 2025-02-04 14:40:58,636] Trial 35 finished with value: 0.8214571463776787 and parameters: {'C': 0.13367630788310378}. Best is trial 27 with value: 0.8376686863543917.
train_model.py:45: FutureWarning: suggest_loguniform has been deprecated in v3.0.0. This feature will be removed in v6.0.0. See https://github.com/optuna/optuna/releases/tag/v3.0.0. Use suggest_float(..., log=True) instead.
  "C": trial.suggest_loguniform("C", 0.01, 10),
[I 2025-02-04 14:41:01,729] Trial 36 finished with value: 0.8380535510119962 and parameters: {'C': 0.07902204044473747}. Best is trial 36 with value: 0.8380535510119962.
train_model.py:45: FutureWarning: suggest_loguniform has been deprecated in v3.0.0. This feature will be removed in v6.0.0. See https://github.com/optuna/optuna/releases/tag/v3.0.0. Use suggest_float(..., log=True) instead.
  "C": trial.suggest_loguniform("C", 0.01, 10),
/azureml-envs/azureml_d28e1721401998178dab0f73d072c2c1/lib/python3.8/site-packages/sklearn/linear_model/_logistic.py:814: ConvergenceWarning: lbfgs failed to converge (status=1):
STOP: TOTAL NO. of ITERATIONS REACHED LIMIT.

Increase the number of iterations (max_iter) or scale the data as shown in:
    https://scikit-learn.org/stable/modules/preprocessing.html
Please also refer to the documentation for alternative solver options:
    https://scikit-learn.org/stable/modules/linear_model.html#logistic-regression
  n_iter_i = _check_optimize_result(
[I 2025-02-04 14:41:06,979] Trial 37 finished with value: 0.8313521811588733 and parameters: {'C': 0.06879672029754726}. Best is trial 36 with value: 0.8380535510119962.
train_model.py:45: FutureWarning: suggest_loguniform has been deprecated in v3.0.0. This feature will be removed in v6.0.0. See https://github.com/optuna/optuna/releases/tag/v3.0.0. Use suggest_float(..., log=True) instead.
  "C": trial.suggest_loguniform("C", 0.01, 10),
[I 2025-02-04 14:41:12,197] Trial 38 finished with value: 0.8380041970063701 and parameters: {'C': 0.04147695344204524}. Best is trial 36 with value: 0.8380535510119962.
train_model.py:45: FutureWarning: suggest_loguniform has been deprecated in v3.0.0. This feature will be removed in v6.0.0. See https://github.com/optuna/optuna/releases/tag/v3.0.0. Use suggest_float(..., log=True) instead.
  "C": trial.suggest_loguniform("C", 0.01, 10),
[I 2025-02-04 14:41:14,374] Trial 39 finished with value: 0.8212001397872645 and parameters: {'C': 0.032205307978610286}. Best is trial 36 with value: 0.8380535510119962.
train_model.py:45: FutureWarning: suggest_loguniform has been deprecated in v3.0.0. This feature will be removed in v6.0.0. See https://github.com/optuna/optuna/releases/tag/v3.0.0. Use suggest_float(..., log=True) instead.
  "C": trial.suggest_loguniform("C", 0.01, 10),
[I 2025-02-04 14:41:17,612] Trial 40 finished with value: 0.8214283129980685 and parameters: {'C': 0.04391126344440492}. Best is trial 36 with value: 0.8380535510119962.
train_model.py:45: FutureWarning: suggest_loguniform has been deprecated in v3.0.0. This feature will be removed in v6.0.0. See https://github.com/optuna/optuna/releases/tag/v3.0.0. Use suggest_float(..., log=True) instead.
  "C": trial.suggest_loguniform("C", 0.01, 10),
[I 2025-02-04 14:41:21,909] Trial 41 finished with value: 0.8371009411177104 and parameters: {'C': 0.07707022939390608}. Best is trial 36 with value: 0.8380535510119962.
train_model.py:45: FutureWarning: suggest_loguniform has been deprecated in v3.0.0. This feature will be removed in v6.0.0. See https://github.com/optuna/optuna/releases/tag/v3.0.0. Use suggest_float(..., log=True) instead.
  "C": trial.suggest_loguniform("C", 0.01, 10),
[I 2025-02-04 14:41:25,047] Trial 42 finished with value: 0.8210024625067895 and parameters: {'C': 0.022316480457587377}. Best is trial 36 with value: 0.8380535510119962.
train_model.py:45: FutureWarning: suggest_loguniform has been deprecated in v3.0.0. This feature will be removed in v6.0.0. See https://github.com/optuna/optuna/releases/tag/v3.0.0. Use suggest_float(..., log=True) instead.
  "C": trial.suggest_loguniform("C", 0.01, 10),
[I 2025-02-04 14:41:29,630] Trial 43 finished with value: 0.821668781167284 and parameters: {'C': 0.07011406808750273}. Best is trial 36 with value: 0.8380535510119962.
train_model.py:45: FutureWarning: suggest_loguniform has been deprecated in v3.0.0. This feature will be removed in v6.0.0. See https://github.com/optuna/optuna/releases/tag/v3.0.0. Use suggest_float(..., log=True) instead.
  "C": trial.suggest_loguniform("C", 0.01, 10),
[I 2025-02-04 14:41:33,665] Trial 44 finished with value: 0.8210429258245238 and parameters: {'C': 0.017737323245478887}. Best is trial 36 with value: 0.8380535510119962.
train_model.py:45: FutureWarning: suggest_loguniform has been deprecated in v3.0.0. This feature will be removed in v6.0.0. See https://github.com/optuna/optuna/releases/tag/v3.0.0. Use suggest_float(..., log=True) instead.
  "C": trial.suggest_loguniform("C", 0.01, 10),
[I 2025-02-04 14:41:37,193] Trial 45 finished with value: 0.8213379573249515 and parameters: {'C': 0.08458169422108713}. Best is trial 36 with value: 0.8380535510119962.
train_model.py:45: FutureWarning: suggest_loguniform has been deprecated in v3.0.0. This feature will be removed in v6.0.0. See https://github.com/optuna/optuna/releases/tag/v3.0.0. Use suggest_float(..., log=True) instead.
  "C": trial.suggest_loguniform("C", 0.01, 10),
